[16:21:01] [ITEM_LISTED]: utti_dayo listed 1x Enchanted Book for $300.00 on world
[16:23:30] [ITEM_SOLD]: utti_dayo sold 1x Enchanted Book to yokkon_kun for $300.00 on world
[16:26:48] [ITEM_LISTED]: yokkon_kun listed 2x Slime Ball for $0.00 on world
[17:01:37] [ITEM_SOLD]: Len_Len100 sold 1x Diamond to TsubochanDayo for $200.00 on world
[17:02:07] [ITEM_SOLD]: Len_Len100 sold 1x Diamond to TsubochanDayo for $200.00 on world
[17:02:19] [ITEM_SOLD]: Len_Len100 sold 1x Diamond to TsubochanDayo for $200.00 on world
[17:02:27] [ITEM_SOLD]: yokkon_kun sold 2x Slime Ball to TsubochanDayo for $0.00 on world
[17:03:26] [ITEM_LISTED]: yokkon_kun listed 3x Coal Block for $10.00 on world
[17:33:28] [ITEM_SOLD]: yokkon_kun sold 3x Coal Block to TsubochanDayo for $10.00 on world
[17:59:31] [ITEM_LISTED]: yokkon_kun listed 1x Iron Pickaxe for $10.00 on world
[17:59:59] [ITEM_SOLD]: yokkon_kun sold 1x Iron Pickaxe to TsubochanDayo for $10.00 on world
[18:05:11] [ITEM_LISTED]: Len_Len100 listed 9x Spruce Planks for $1.00 on world
[18:05:16] [ITEM_LISTED]: Len_Len100 listed 10x Spruce Planks for $1.00 on world
[18:21:47] [ITEM_LISTED]: Len_Len100 listed 17x Redstone for $100.00 on world
[18:21:57] [ITEM_CANCELLED]: Len_Len100 cancelled an auction for 64x Redstone for $300.00 on world
[18:21:58] [ITEM_CANCELLED]: Len_Len100 cancelled an auction for 64x Dried Kelp for $10.00 on world
[18:21:59] [ITEM_CANCELLED]: Len_Len100 cancelled an auction for 64x Lapis Lazuli for $500.00 on world
[18:22:00] [ITEM_CANCELLED]: Len_Len100 cancelled an auction for 17x Redstone for $100.00 on world
[18:22:01] [ITEM_CANCELLED]: Len_Len100 cancelled an auction for 64x Redstone for $300.00 on world
[18:22:03] [ITEM_RETURNED]: Returned 64x Redstone to Len_Len100 on world
[18:22:04] [ITEM_RETURNED]: Returned 17x Redstone to Len_Len100 on world
[18:22:04] [ITEM_RETURNED]: Returned 64x Lapis Lazuli to Len_Len100 on world
[18:22:04] [ITEM_RETURNED]: Returned 64x Dried Kelp to Len_Len100 on world
[18:22:04] [ITEM_RETURNED]: Returned 64x Redstone to Len_Len100 on world
[18:22:10] [ITEM_LISTED]: Len_Len100 listed 64x Redstone for $100.00 on world
[18:22:11] [ITEM_LISTED]: Len_Len100 listed 64x Redstone for $100.00 on world
[18:22:15] [ITEM_LISTED]: Len_Len100 listed 64x Lapis Lazuli for $200.00 on world
[18:22:27] [ITEM_LISTED]: Len_Len100 listed 17x Redstone for $30.00 on world
[18:22:36] [ITEM_LISTED]: Len_Len100 listed 64x Dried Kelp for $10.00 on world
[18:24:42] [ITEM_CANCELLED]: Len_Len100 cancelled an auction for 9x Spruce Planks for $1.00 on world
[18:24:42] [ITEM_CANCELLED]: Len_Len100 cancelled an auction for 64x Redstone for $100.00 on world
[18:24:43] [ITEM_CANCELLED]: Len_Len100 cancelled an auction for 10x Spruce Planks for $1.00 on world
[18:24:45] [ITEM_RETURNED]: Returned 64x Redstone to Len_Len100 on world
[18:24:45] [ITEM_RETURNED]: Returned 9x Spruce Planks to Len_Len100 on world
[18:24:46] [ITEM_RETURNED]: Returned 10x Spruce Planks to Len_Len100 on world
[18:24:57] [ITEM_LISTED]: Len_Len100 listed 64x Redstone for $100.00 on world
[18:31:24] [ITEM_CANCELLED]: Diamond_0607 cancelled an auction for 64x Redstone Block for $4,500.00 on world
[20:04:10] [ITEM_LISTED]: Len_Len100 listed 1x Diamond for $200.00 on world
[20:04:12] [ITEM_LISTED]: Len_Len100 listed 1x Diamond for $200.00 on world
[20:04:13] [ITEM_LISTED]: Len_Len100 listed 1x Diamond for $200.00 on world
[20:04:14] [ITEM_LISTED]: Len_Len100 listed 1x Diamond for $200.00 on world
[20:04:15] [ITEM_LISTED]: Len_Len100 listed 1x Diamond for $200.00 on world
[20:04:15] [ITEM_LISTED]: Len_Len100 listed 1x Diamond for $200.00 on world
[20:04:26] [ITEM_CANCELLED]: Len_Len100 cancelled an auction for 1x Shield for $10.00 on world
[20:04:26] [ITEM_CANCELLED]: Len_Len100 cancelled an auction for 1x Pink Bed for $5.00 on world
[20:04:27] [ITEM_CANCELLED]: Len_Len100 cancelled an auction for 1x Pink Bed for $5.00 on world
[20:04:28] [ITEM_CANCELLED]: Len_Len100 cancelled an auction for 1x Pink Bed for $5.00 on world
[20:04:29] [ITEM_CANCELLED]: Len_Len100 cancelled an auction for 1x Pink Bed for $5.00 on world
[20:04:31] [ITEM_CANCELLED]: Len_Len100 cancelled an auction for 1x Shield for $10.00 on world
[20:04:42] [ITEM_RETURNED]: Returned 1x Shield to Len_Len100 on world
[20:04:42] [ITEM_RETURNED]: Returned 1x Pink Bed to Len_Len100 on world
[20:04:42] [ITEM_RETURNED]: Returned 1x Pink Bed to Len_Len100 on world
[20:04:43] [ITEM_RETURNED]: Returned 1x Pink Bed to Len_Len100 on world
[20:04:43] [ITEM_RETURNED]: Returned 1x Pink Bed to Len_Len100 on world
[20:04:43] [ITEM_RETURNED]: Returned 1x Shield to Len_Len100 on world
[20:04:43] [ITEM_CANCELLED]: Len_Len100 cancelled an auction for 64x Cobblestone for $5.00 on world
[20:04:46] [ITEM_RETURNED]: Returned 64x Cobblestone to Len_Len100 on world
[20:04:59] [ITEM_LISTED]: Len_Len100 listed 1x Diamond for $200.00 on world
[20:05:00] [ITEM_LISTED]: Len_Len100 listed 1x Diamond for $200.00 on world
[20:05:03] [ITEM_LISTED]: Len_Len100 listed 1x Diamond for $200.00 on world
[20:05:05] [ITEM_LISTED]: Len_Len100 listed 1x Diamond for $200.00 on world
[20:11:38] [ITEM_SOLD]: Len_Len100 sold 1x Diamond to utti_dayo for $200.00 on world
[20:11:41] [ITEM_SOLD]: Len_Len100 sold 1x Diamond to utti_dayo for $200.00 on world
[20:11:42] [ITEM_SOLD]: Len_Len100 sold 1x Diamond to utti_dayo for $200.00 on world
[20:11:45] [ITEM_SOLD]: Len_Len100 sold 1x Diamond to utti_dayo for $200.00 on world
[20:11:47] [ITEM_SOLD]: Len_Len100 sold 1x Diamond to utti_dayo for $200.00 on world
[20:11:49] [ITEM_SOLD]: Len_Len100 sold 1x Diamond to utti_dayo for $200.00 on world
[20:11:53] [ITEM_SOLD]: Len_Len100 sold 1x Diamond to utti_dayo for $200.00 on world
[20:11:55] [ITEM_SOLD]: Len_Len100 sold 1x Diamond to utti_dayo for $200.00 on world
[20:11:57] [ITEM_SOLD]: Len_Len100 sold 1x Diamond to utti_dayo for $200.00 on world
[20:11:58] [ITEM_SOLD]: Len_Len100 sold 1x Diamond to utti_dayo for $200.00 on world
[20:28:34] [ITEM_LISTED]: Len_Len100 listed 1x Diamond for $200.00 on world
[20:28:35] [ITEM_LISTED]: Len_Len100 listed 1x Diamond for $200.00 on world
[20:28:36] [ITEM_LISTED]: Len_Len100 listed 1x Diamond for $200.00 on world
[20:28:40] [ITEM_LISTED]: Len_Len100 listed 1x Diamond for $200.00 on world
[20:28:41] [ITEM_LISTED]: Len_Len100 listed 1x Diamond for $200.00 on world
[20:28:42] [ITEM_LISTED]: Len_Len100 listed 1x Diamond for $200.00 on world
[20:28:45] [ITEM_LISTED]: Len_Len100 listed 1x Diamond for $200.00 on world
[20:28:48] [ITEM_LISTED]: Len_Len100 listed 1x Diamond for $200.00 on world
[20:28:49] [ITEM_LISTED]: Len_Len100 listed 1x Diamond for $200.00 on world
[20:28:51] [ITEM_LISTED]: Len_Len100 listed 1x Diamond for $200.00 on world
[20:29:05] [ITEM_LISTED]: Len_Len100 listed 64x Redstone for $100.00 on world
[20:29:07] [ITEM_LISTED]: Len_Len100 listed 64x Redstone for $100.00 on world
[20:29:08] [ITEM_LISTED]: Len_Len100 listed 64x Redstone for $100.00 on world
[20:30:02] [ITEM_CANCELLED]: Len_Len100 cancelled an auction for 64x Dried Kelp for $10.00 on world
[20:30:02] [ITEM_CANCELLED]: Len_Len100 cancelled an auction for 64x Dried Kelp for $10.00 on world
[20:30:04] [ITEM_CANCELLED]: Len_Len100 cancelled an auction for 64x Dried Kelp for $10.00 on world
[20:30:09] [ITEM_RETURNED]: Returned 64x Dried Kelp to Len_Len100 on world
[20:30:09] [ITEM_RETURNED]: Returned 64x Dried Kelp to Len_Len100 on world
[20:30:09] [ITEM_RETURNED]: Returned 64x Dried Kelp to Len_Len100 on world
[20:30:12] [ITEM_CANCELLED]: Len_Len100 cancelled an auction for 1x Pink Bed for $5.00 on world
[20:30:13] [ITEM_CANCELLED]: Len_Len100 cancelled an auction for 1x Pink Bed for $5.00 on world
[20:30:19] [ITEM_RETURNED]: Returned 1x Pink Bed to Len_Len100 on world
[20:30:20] [ITEM_RETURNED]: Returned 1x Pink Bed to Len_Len100 on world
[20:30:29] [ITEM_LISTED]: Len_Len100 listed 64x Redstone for $100.00 on world
[20:30:31] [ITEM_LISTED]: Len_Len100 listed 64x Redstone for $100.00 on world
[20:30:32] [ITEM_LISTED]: Len_Len100 listed 64x Redstone for $100.00 on world
[20:30:57] [ITEM_LISTED]: Len_Len100 listed 1x Enchanted Book for $500.00 on world
[21:18:46] [ITEM_CANCELLED]: Len_Len100 cancelled an auction for 1x Diamond for $200.00 on world
[21:18:47] [ITEM_CANCELLED]: Len_Len100 cancelled an auction for 1x Diamond for $200.00 on world
[21:18:48] [ITEM_CANCELLED]: Len_Len100 cancelled an auction for 1x Diamond for $200.00 on world
[21:18:48] [ITEM_CANCELLED]: Len_Len100 cancelled an auction for 1x Diamond for $200.00 on world
[21:18:49] [ITEM_CANCELLED]: Len_Len100 cancelled an auction for 1x Diamond for $200.00 on world
[21:18:49] [ITEM_CANCELLED]: Len_Len100 cancelled an auction for 1x Diamond for $200.00 on world
[21:18:49] [ITEM_CANCELLED]: Len_Len100 cancelled an auction for 1x Diamond for $200.00 on world
[21:18:50] [ITEM_CANCELLED]: Len_Len100 cancelled an auction for 1x Diamond for $200.00 on world
[21:18:50] [ITEM_CANCELLED]: Len_Len100 cancelled an auction for 1x Diamond for $200.00 on world
[21:18:51] [ITEM_CANCELLED]: Len_Len100 cancelled an auction for 1x Diamond for $200.00 on world
[21:18:57] [ITEM_RETURNED]: Returned 1x Diamond to Len_Len100 on world
[21:18:57] [ITEM_RETURNED]: Returned 1x Diamond to Len_Len100 on world
[21:18:57] [ITEM_RETURNED]: Returned 1x Diamond to Len_Len100 on world
[21:18:57] [ITEM_RETURNED]: Returned 1x Diamond to Len_Len100 on world
[21:18:57] [ITEM_RETURNED]: Returned 1x Diamond to Len_Len100 on world
[21:18:58] [ITEM_RETURNED]: Returned 1x Diamond to Len_Len100 on world
[21:18:58] [ITEM_RETURNED]: Returned 1x Diamond to Len_Len100 on world
[21:18:58] [ITEM_RETURNED]: Returned 1x Diamond to Len_Len100 on world
[21:18:58] [ITEM_RETURNED]: Returned 1x Diamond to Len_Len100 on world
[21:18:58] [ITEM_RETURNED]: Returned 1x Diamond to Len_Len100 on world
[21:18:59] [ITEM_CANCELLED]: Len_Len100 cancelled an auction for 64x Cobblestone for $5.00 on world
[21:19:01] [ITEM_RETURNED]: Returned 64x Cobblestone to Len_Len100 on world
[21:19:05] [ITEM_LISTED]: Len_Len100 listed 64x Cobblestone for $1.00 on world
