[15:35:54] [ITEM_CANCELLED]: Len_Len100 cancelled an auction for 1x Potato for $5.00 on world
[15:35:55] [ITEM_CANCELLED]: Len_Len100 cancelled an auction for 1x Carrot for $5.00 on world
[15:35:58] [ITEM_RETURNED]: Returned 1x Carrot to Len_Len100 on world
[15:35:59] [ITEM_RETURNED]: Returned 1x Potato to Len_Len100 on world
[15:44:31] [ITEM_LISTED]: Len_Len100 listed 1x Pink Bed for $5.00 on world
[15:44:32] [ITEM_LISTED]: Len_Len100 listed 1x Red Bed for $5.00 on world
[15:44:35] [ITEM_LISTED]: Len_Len100 listed 1x Pink Bed for $5.00 on world
[15:44:47] [ITEM_LISTED]: Len_Len100 listed 1x Shield for $10.00 on world
[15:44:48] [ITEM_LISTED]: Len_Len100 listed 1x Shield for $10.00 on world
[15:44:50] [ITEM_LISTED]: Len_Len100 listed 1x Shield for $10.00 on world
[16:01:51] [ITEM_LISTED]: Len_Len100 listed 1x Brewing Stand for $10.00 on world
[17:19:22] [ITEM_SOLD]: Yumat_88 sold 2x Gravel to Len_Len100 for $10.00 on world
[17:19:39] [ITEM_CANCELLED]: Len_Len100 cancelled an auction for 2x Feather for $10.00 on world
[17:27:22] [ITEM_LISTED]: yokkon_kun listed 2x Flint for $3.00 on world
[17:27:45] [ITEM_SOLD]: yokkon_kun sold 2x Flint to Len_Len100 for $3.00 on world
[17:29:31] [ITEM_LISTED]: Len_Len100 listed 1x Sand for $1.00 on world
[17:30:03] [ITEM_SOLD]: Len_Len100 sold 1x Sand to yokkon_kun for $1.00 on world
[17:57:56] [ITEM_CANCELLED]: Len_Len100 cancelled an auction for 18x Paper for $5.00 on world
[17:57:58] [ITEM_RETURNED]: Returned 18x Paper to Len_Len100 on world
[18:03:58] [ITEM_LISTED]: Len_Len100 listed 24x Pumpkin Seeds for $10.00 on world
[18:04:03] [ITEM_LISTED]: Len_Len100 listed 24x Pumpkin Seeds for $10.00 on world
[18:57:39] [ITEM_SOLD]: Len_Len100 sold 64x Redstone to utti_dayo for $5.00 on world
[18:58:31] [ITEM_LISTED]: utti_dayo listed 4x Lapis Ore for $75.00 on world
[20:12:31] [ITEM_LISTED]: Len_Len100 listed 4x Pumpkin Seeds for $1.00 on world
[20:29:52] [ITEM_CANCELLED]: Len_Len100 cancelled an auction for 64x Cobblestone for $5.00 on world
[20:29:54] [ITEM_RETURNED]: Returned 64x Cobblestone to Len_Len100 on world
[20:38:03] [ITEM_CANCELLED]: Len_Len100 cancelled an auction for 64x Cobblestone for $5.00 on world
[20:38:04] [ITEM_CANCELLED]: Len_Len100 cancelled an auction for 64x Cobblestone for $5.00 on world
[20:38:04] [ITEM_CANCELLED]: Len_Len100 cancelled an auction for 45x Cobblestone for $3.00 on world
[20:38:07] [ITEM_RETURNED]: Returned 64x Cobblestone to Len_Len100 on world
[20:38:07] [ITEM_RETURNED]: Returned 45x Cobblestone to Len_Len100 on world
[20:38:08] [ITEM_RETURNED]: Returned 64x Cobblestone to Len_Len100 on world
[21:23:02] [ITEM_LISTED]: Len_Len100 listed 32x Chorus Fruit for $5.00 on world
[21:23:04] [ITEM_LISTED]: Len_Len100 listed 32x Chorus Fruit for $5.00 on world
[21:23:05] [ITEM_LISTED]: Len_Len100 listed 32x Chorus Fruit for $5.00 on world
[21:23:06] [ITEM_LISTED]: Len_Len100 listed 32x Chorus Fruit for $5.00 on world
[21:23:11] [ITEM_LISTED]: Len_Len100 listed 32x Chorus Fruit for $5.00 on world
[21:23:12] [ITEM_LISTED]: Len_Len100 listed 32x Chorus Fruit for $5.00 on world
[21:23:14] [ITEM_LISTED]: Len_Len100 listed 32x Chorus Fruit for $5.00 on world
[21:23:18] [ITEM_LISTED]: Len_Len100 listed 46x Chorus Fruit for $7.00 on world
[21:23:21] [ITEM_LISTED]: Len_Len100 listed 32x Chorus Fruit for $5.00 on world
[21:23:46] [ITEM_LISTED]: Len_Len100 listed 3x Ender Pearl for $10.00 on world
[21:23:47] [ITEM_LISTED]: Len_Len100 listed 3x Ender Pearl for $10.00 on world
[21:23:48] [ITEM_LISTED]: Len_Len100 listed 3x Ender Pearl for $10.00 on world
[21:23:49] [ITEM_LISTED]: Len_Len100 listed 3x Ender Pearl for $10.00 on world
[21:23:50] [ITEM_LISTED]: Len_Len100 listed 3x Ender Pearl for $10.00 on world
[21:23:51] [ITEM_LISTED]: Len_Len100 listed 3x Ender Pearl for $10.00 on world
[21:23:52] [ITEM_LISTED]: Len_Len100 listed 3x Ender Pearl for $10.00 on world
[21:23:53] [ITEM_LISTED]: Len_Len100 listed 3x Ender Pearl for $10.00 on world
[21:23:54] [ITEM_LISTED]: Len_Len100 listed 3x Ender Pearl for $10.00 on world
[21:24:12] [ITEM_LISTED]: Len_Len100 listed 4x Chorus Flower for $30.00 on world
[21:24:17] [ITEM_LISTED]: Len_Len100 listed 4x Dragon Breath for $15.00 on world
[21:24:18] [ITEM_LISTED]: Len_Len100 listed 4x Dragon Breath for $15.00 on world
[21:24:26] [ITEM_CANCELLED]: Len_Len100 cancelled an auction for 1x Brewing Stand for $10.00 on world
[21:24:38] [ITEM_RETURNED]: Returned 1x Brewing Stand to Len_Len100 on world
[21:26:20] [ITEM_SOLD]: umi0925 sold 64x Stick to Len_Len100 for $100.00 on world
[21:31:08] [ITEM_LISTED]: Len_Len100 listed 1x Fishing Rod [Unbreaking I] for $5.00 on world
[21:31:09] [ITEM_LISTED]: Len_Len100 listed 1x Fishing Rod [Unbreaking II] for $5.00 on world
[21:31:26] [ITEM_CANCELLED]: Len_Len100 cancelled an auction for 5x Rotten Flesh for $1.00 on world
[21:31:27] [ITEM_CANCELLED]: Len_Len100 cancelled an auction for 2x Pumpkin Seeds for $5.00 on world
[21:31:27] [ITEM_CANCELLED]: Len_Len100 cancelled an auction for 64x Sweet Berries for $10.00 on world
[21:31:28] [ITEM_CANCELLED]: Len_Len100 cancelled an auction for 6x Rotten Flesh for $1.00 on world
[21:31:29] [ITEM_CANCELLED]: Len_Len100 cancelled an auction for 26x Spruce Sapling for $1.00 on world
[21:31:29] [ITEM_CANCELLED]: Len_Len100 cancelled an auction for 25x Oak Sapling for $1.00 on world
[21:31:33] [ITEM_CANCELLED]: Len_Len100 cancelled an auction for 4x Pumpkin Seeds for $1.00 on world
[21:31:41] [ITEM_RETURNED]: Returned 4x Pumpkin Seeds to Len_Len100 on world
[21:31:41] [ITEM_RETURNED]: Returned 25x Oak Sapling to Len_Len100 on world
[21:31:41] [ITEM_RETURNED]: Returned 26x Spruce Sapling to Len_Len100 on world
[21:31:41] [ITEM_RETURNED]: Returned 6x Rotten Flesh to Len_Len100 on world
[21:31:42] [ITEM_RETURNED]: Returned 64x Sweet Berries to Len_Len100 on world
[21:31:42] [ITEM_RETURNED]: Returned 2x Pumpkin Seeds to Len_Len100 on world
[21:31:42] [ITEM_RETURNED]: Returned 5x Rotten Flesh to Len_Len100 on world
[21:31:42] [ITEM_RETURNED]: Returned 64x Dirt to Len_Len100 on world
[21:31:43] [ITEM_RETURNED]: Returned 2x Feather to Len_Len100 on world
[21:32:01] [ITEM_LISTED]: Len_Len100 listed 1x Fishing Rod [Unbreaking II] for $5.00 on world
[21:32:02] [ITEM_LISTED]: Len_Len100 listed 1x Fishing Rod [Unbreaking I] for $5.00 on world
[21:32:06] [ITEM_LISTED]: Len_Len100 listed 1x Bow [Power I] for $10.00 on world
[21:32:07] [ITEM_LISTED]: Len_Len100 listed 1x Bow [Power I] for $10.00 on world
[21:32:09] [ITEM_LISTED]: Len_Len100 listed 1x Bow [Power I] for $10.00 on world
[21:32:12] [ITEM_LISTED]: Len_Len100 listed 1x Bow [Power I] for $10.00 on world
[22:09:55] [ITEM_SOLD]: Len_Len100 sold 1x Shield to Diamond_0607 for $10.00 on world
[22:09:57] [ITEM_SOLD]: Len_Len100 sold 1x Shield to Diamond_0607 for $10.00 on world
[22:09:58] [ITEM_SOLD]: Len_Len100 sold 1x Shield to Diamond_0607 for $10.00 on world
[22:10:05] [ITEM_SOLD]: Len_Len100 sold 32x Chorus Fruit to Diamond_0607 for $5.00 on world
[22:10:08] [ITEM_SOLD]: Len_Len100 sold 32x Chorus Fruit to Diamond_0607 for $5.00 on world
[22:10:21] [ITEM_SOLD]: Len_Len100 sold 1x Bow to  [Power I]Diamond_0607 for $10.00 on world
[22:10:40] [ITEM_SOLD]: Len_Len100 sold 1x Bow to  [Power I]Diamond_0607 for $10.00 on world
[22:10:41] [ITEM_SOLD]: Len_Len100 sold 1x Bow to  [Power I]Diamond_0607 for $10.00 on world
[22:10:44] [ITEM_SOLD]: Len_Len100 sold 1x Bow to  [Power I]Diamond_0607 for $10.00 on world
