[09:57:58] [ITEM_LISTED]: Diamond_0607 listed 12x Quartz for $100.00 on world
[11:27:02] [ITEM_LISTED]: Diamond_0607 listed 17x Dried Kelp for $10.00 on world
[11:27:08] [ITEM_SOLD]: Diamond_0607 sold 17x Dried Kelp to Yumat_88 for $10.00 on world
[11:35:10] [ITEM_LISTED]: Diamond_0607 listed 1x Iron Pickaxe for $12.08 on world
[11:35:26] [ITEM_SOLD]: Diamond_0607 sold 1x Iron Pickaxe to Yumat_88 for $12.08 on world
[11:39:46] [ITEM_LISTED]: Diamond_0607 listed 1x Gold Ore for $5.05 on world
[11:40:40] [ITEM_LISTED]: Diamond_0607 listed 1x Gold Ore for $2.00 on world
[11:40:46] [ITEM_SOLD]: Diamond_0607 sold 1x Gold Ore to Yumat_88 for $2.00 on world
[11:48:20] [ITEM_LISTED]: Yumat_88 listed 12x Oak Log for $1.00 on world
[11:48:27] [ITEM_SOLD]: Yumat_88 sold 12x Oak Log to Diamond_0607 for $1.00 on world
[11:48:54] [ITEM_LISTED]: Diamond_0607 listed 3x Gold Ingot for $15.99 on world
[11:49:14] [ITEM_SOLD]: Diamond_0607 sold 3x Gold Ingot to Yumat_88 for $15.99 on world
[13:51:51] [ITEM_LISTED]: blazeland777 listed 1x Diamond for $600.00 on world
[13:54:27] [ITEM_LISTED]: blazeland777 listed 31x Sweet Berries for $1,000.00 on world
[13:57:22] [ITEM_LISTED]: yokkon_kun listed 1x Iron Helmet [Unbreaking I, Protection I] for $1,650.00 on world
[13:57:41] [ITEM_LISTED]: yokkon_kun listed 1x Iron Chestplate [Protection I] for $2,410.00 on world
[13:58:00] [ITEM_LISTED]: yokkon_kun listed 1x Iron Leggings [Projectile Protection I] for $2,550.00 on world
[13:58:19] [ITEM_LISTED]: yokkon_kun listed 1x Iron Boots [Unbreaking I] for $1,950.00 on world
[13:58:52] [ITEM_CANCELLED]: yokkon_kun cancelled an auction for 1x Iron Helmet [Unbreaking I, Protection I] for $1,650.00 on world
[13:58:53] [ITEM_CANCELLED]: yokkon_kun cancelled an auction for 1x Iron Chestplate [Protection I] for $2,410.00 on world
[13:58:54] [ITEM_CANCELLED]: yokkon_kun cancelled an auction for 1x Iron Boots [Unbreaking I] for $1,950.00 on world
[13:58:54] [ITEM_CANCELLED]: yokkon_kun cancelled an auction for 1x Iron Leggings [Projectile Protection I] for $2,550.00 on world
[13:59:07] [ITEM_RETURNED]: Returned 1x Iron Helmet [Unbreaking I, Protection I] to yokkon_kun on world
[13:59:08] [ITEM_RETURNED]: Returned 1x Iron Boots [Unbreaking I] to yokkon_kun on world
[13:59:09] [ITEM_RETURNED]: Returned 1x Iron Leggings [Projectile Protection I] to yokkon_kun on world
[13:59:09] [ITEM_RETURNED]: Returned 1x Iron Chestplate [Protection I] to yokkon_kun on world
[14:08:25] [ITEM_LISTED]: blazeland777 listed 1x Gold Nugget for $900.00 on world
[14:34:37] [ITEM_LISTED]: blazeland777 listed 64x Coal for $60.00 on world
[15:40:38] [ITEM_LISTED]: blazeland777 listed 64x Redstone for $19.00 on world
[18:10:21] [ITEM_SOLD]: Diamond_0607 sold 1x Gold Ore to Yumat_88 for $5.05 on world
