[11:31:56] [ITEM_SOLD]: Len_Len100 sold 55x Sweet Berries to blazeland777 for $10.00 on world
[11:35:28] [ITEM_CANCELLED]: Len_Len100 cancelled an auction for 3x Ender Pearl for $10.00 on world
[11:35:29] [ITEM_RETURNED]: Returned 3x Ender Pearl to Len_Len100 on world
[11:35:44] [ITEM_CANCELLED]: Len_Len100 cancelled an auction for 46x Chorus Fruit for $7.00 on world
[11:35:45] [ITEM_RETURNED]: Returned 46x Chorus Fruit to Len_Len100 on world
[12:54:21] [ITEM_SOLD]: Len_Len100 sold 1x Shield to yutoguma for $10.00 on world
[13:00:23] [ITEM_LISTED]: Len_Len100 listed 1x Pink Bed for $5.00 on world
[13:00:24] [ITEM_LISTED]: Len_Len100 listed 1x Pink Bed for $5.00 on world
[13:00:25] [ITEM_LISTED]: Len_Len100 listed 1x Pink Bed for $5.00 on world
[13:00:26] [ITEM_LISTED]: Len_Len100 listed 1x Pink Bed for $5.00 on world
[13:00:29] [ITEM_LISTED]: Len_Len100 listed 1x Shield for $10.00 on world
[13:00:31] [ITEM_LISTED]: Len_Len100 listed 1x Shield for $10.00 on world
[13:00:32] [ITEM_LISTED]: Len_Len100 listed 1x Shield for $10.00 on world
[13:00:33] [ITEM_LISTED]: Len_Len100 listed 1x Shield for $10.00 on world
[13:36:36] [ITEM_DROPPED]: Dropped UsaPyon2010's expired listing of 16x Coal for $0.00 at their feet on world
[13:36:36] [ITEM_DROPPED]: Dropped UsaPyon2010's expired listing of 8x Gold Ore for $0.00 at their feet on world
[13:38:13] [ITEM_CANCELLED]: Len_Len100 cancelled an auction for 1x Shield for $10.00 on world
[13:38:25] [ITEM_RETURNED]: Returned 1x Shield to Len_Len100 on world
[13:38:29] [ITEM_LISTED]: Len_Len100 listed 1x Shield for $10.00 on world
[16:27:31] [ITEM_CANCELLED]: utti_dayo cancelled an auction for 1x ドラゴンの頭入ってるかもパック for $5,000.00 on world
[16:27:37] [ITEM_RETURNED]: Returned 1x ドラゴンの頭入ってるかもパック to utti_dayo on world
[16:38:25] [ITEM_LISTED]: Len_Len100 listed 1x Diamond for $200.00 on world
[16:38:26] [ITEM_LISTED]: Len_Len100 listed 1x Diamond for $200.00 on world
[16:38:27] [ITEM_LISTED]: Len_Len100 listed 1x Diamond for $200.00 on world
[16:38:32] [ITEM_LISTED]: Len_Len100 listed 1x Diamond for $200.00 on world
[16:38:33] [ITEM_LISTED]: Len_Len100 listed 1x Diamond for $200.00 on world
[16:38:47] [ITEM_LISTED]: Len_Len100 listed 64x Redstone for $300.00 on world
[16:38:53] [ITEM_LISTED]: Len_Len100 listed 64x Lapis Lazuli for $500.00 on world
[16:42:28] [ITEM_SOLD]: Len_Len100 sold 1x Shield to Yumat_88 for $10.00 on world
[16:42:34] [ITEM_SOLD]: Len_Len100 sold 1x Shield to Yumat_88 for $10.00 on world
[16:43:03] [ITEM_RETURNED]: Returned 2x Gold Nugget to Yumat_88 on world
[16:45:07] [ITEM_LISTED]: Len_Len100 listed 64x Dried Kelp for $10.00 on world
[16:45:08] [ITEM_LISTED]: Len_Len100 listed 64x Dried Kelp for $10.00 on world
[16:45:09] [ITEM_LISTED]: Len_Len100 listed 64x Dried Kelp for $10.00 on world
[16:45:13] [ITEM_LISTED]: Len_Len100 listed 64x Dried Kelp for $10.00 on world
[16:45:51] [ITEM_CANCELLED]: Len_Len100 cancelled an auction for 64x Redstone for $10.00 on world
[16:45:52] [ITEM_RETURNED]: Returned 64x Redstone to Len_Len100 on world
[16:46:11] [ITEM_LISTED]: Len_Len100 listed 64x Redstone for $300.00 on world
[17:30:24] [ITEM_SOLD]: Len_Len100 sold 1x Iron Pickaxe to  [Efficiency II]Yumat_88 for $10.00 on world
[17:39:03] [ITEM_SOLD]: Len_Len100 sold 1x Diamond to TsubochanDayo for $200.00 on world
[17:39:07] [ITEM_SOLD]: Len_Len100 sold 1x Diamond to TsubochanDayo for $200.00 on world
[17:39:21] [ITEM_SOLD]: Len_Len100 sold 1x Diamond to TsubochanDayo for $200.00 on world
[17:39:25] [ITEM_SOLD]: Len_Len100 sold 1x Diamond to TsubochanDayo for $200.00 on world
[17:39:29] [ITEM_SOLD]: Len_Len100 sold 1x Diamond to TsubochanDayo for $200.00 on world
[18:34:51] [ITEM_SOLD]: csawada sold 18x Lapis Lazuli to blazeland777 for $1,800.00 on world
[18:45:18] [ITEM_SOLD]: Diamond_0607 sold 11x Gold Block to blazeland777 for $1,300.00 on world
[20:29:59] [ITEM_LISTED]: Len_Len100 listed 1x Diamond for $200.00 on world
[20:30:01] [ITEM_LISTED]: Len_Len100 listed 1x Diamond for $200.00 on world
[20:30:02] [ITEM_LISTED]: Len_Len100 listed 1x Diamond for $200.00 on world
[22:27:15] [ITEM_SOLD]: Len_Len100 sold 64x Dried Kelp to umi0925 for $10.00 on world
[22:27:29] [ITEM_LISTED]: umi0925 listed 1x Ladder for $10.00 on world
