[17:23:17] [ITEM_LISTED]: Yumat_88 listed 16x Ender Pearl for $1.00 on world
[17:30:40] [ITEM_SOLD]: Yumat_88 sold 16x Ender Pearl to yutoguma for $1.00 on world
[17:30:51] [ITEM_LISTED]: Yumat_88 listed 16x Ender Pearl for $1.00 on world
[17:30:56] [ITEM_SOLD]: Yumat_88 sold 16x Ender Pearl to Diamond_0607 for $1.00 on world
[17:31:21] [ITEM_LISTED]: Yumat_88 listed 16x Ender Pearl for $10.00 on world
[17:31:26] [ITEM_SOLD]: Yumat_88 sold 16x Ender Pearl to Diamond_0607 for $10.00 on world
[17:40:42] [ITEM_LISTED]: Diamond_0607 listed 16x Ender Pearl for $1,000.00 on world
[17:49:38] [ITEM_CANCELLED]: utti_dayo cancelled an auction for 1x Dragon Head for $10,000.00 on world
[17:49:41] [ITEM_RETURNED]: Returned 1x Dragon Head to utti_dayo on world
[22:37:52] [ITEM_LISTED]: Yumat_88 listed 9x Leather for $1.00 on world
[22:38:05] [ITEM_SOLD]: Yumat_88 sold 9x Leather to Diamond_0607 for $1.00 on world
[22:54:23] [ITEM_LISTED]: Yumat_88 listed 1x Light Blue Dye for $10.00 on world
[22:55:01] [ITEM_SOLD]: Yumat_88 sold 1x Light Blue Dye to Diamond_0607 for $10.00 on world
[22:56:23] [ITEM_LISTED]: Diamond_0607 listed 1x Golden Helmet for $10.00 on world
[22:57:32] [ITEM_LISTED]: Diamond_0607 listed 1x Iron Boots for $10.00 on world
[22:57:37] [ITEM_LISTED]: Diamond_0607 listed 1x Iron Leggings for $10.00 on world
[22:57:52] [ITEM_LISTED]: Diamond_0607 listed 1x Iron Helmet for $10.00 on world
[22:57:56] [ITEM_LISTED]: Diamond_0607 listed 1x Iron Chestplate for $10.00 on world
[22:58:21] [ITEM_SOLD]: Diamond_0607 sold 1x Golden Helmet to Yumat_88 for $10.00 on world
[22:59:38] [ITEM_SOLD]: Diamond_0607 sold 1x Iron Chestplate to Yumat_88 for $10.00 on world
[22:59:39] [ITEM_SOLD]: Diamond_0607 sold 1x Iron Helmet to Yumat_88 for $10.00 on world
[22:59:42] [ITEM_SOLD]: Diamond_0607 sold 1x Iron Boots to Yumat_88 for $10.00 on world
[22:59:44] [ITEM_SOLD]: Diamond_0607 sold 1x Iron Leggings to Yumat_88 for $10.00 on world
