[07:38:28] [ITEM_SOLD]: Len_Len100 sold 4x Dragon Breath to utti_dayo for $15.00 on world
[07:38:29] [ITEM_SOLD]: Len_Len100 sold 4x Dragon Breath to utti_dayo for $15.00 on world
[09:38:45] [ITEM_SOLD]: utti_dayo sold 4x Lapis Ore to Yumat_88 for $75.00 on world
[09:38:56] [ITEM_SOLD]: Len_Len100 sold 1x Fishing Rod to  [Unbreaking I]Yumat_88 for $5.00 on world
[09:44:40] [ITEM_SOLD]: Len_Len100 sold 1x Pink Bed to Diamond_0607 for $5.00 on world
[09:44:42] [ITEM_SOLD]: Len_Len100 sold 1x Red Bed to Diamond_0607 for $5.00 on world
[09:44:44] [ITEM_SOLD]: Len_Len100 sold 1x Pink Bed to Diamond_0607 for $5.00 on world
[09:53:40] [ITEM_LISTED]: Yumat_88 listed 52x Oak Log for $7.00 on world
[09:56:58] [ITEM_RETURNED]: Returned 7x Rail to Yumat_88 on world
[09:58:39] [ITEM_SOLD]: Len_Len100 sold 3x Ender Pearl to Yumat_88 for $10.00 on world
[11:22:48] [ITEM_LISTED]: fcsmc01 listed 2x Lead for $100.00 on world
[11:40:58] [ITEM_LISTED]: csawada listed 18x Lapis Lazuli for $1,800.00 on world
[11:41:39] [ITEM_SOLD]: Yumat_88 sold 52x Oak Log to csawada for $7.00 on world
[11:43:04] [ITEM_SOLD]: fcsmc01 sold 7x Iron Ingot to csawada for $1,000.00 on world
[11:44:12] [ITEM_LISTED]: csawada listed 5x Gold Ore for $550.00 on world
[12:16:44] [ITEM_LISTED]: Len_Len100 listed 1x Pink Bed for $5.00 on world
[12:16:53] [ITEM_LISTED]: Len_Len100 listed 1x Pink Bed for $5.00 on world
[12:16:54] [ITEM_LISTED]: Len_Len100 listed 1x Pink Bed for $5.00 on world
[12:16:55] [ITEM_LISTED]: Len_Len100 listed 1x Pink Bed for $5.00 on world
[12:16:56] [ITEM_LISTED]: Len_Len100 listed 1x Pink Bed for $5.00 on world
[12:16:57] [ITEM_LISTED]: Len_Len100 listed 1x Pink Bed for $5.00 on world
[12:16:59] [ITEM_LISTED]: Len_Len100 listed 1x Pink Bed for $5.00 on world
[12:17:00] [ITEM_LISTED]: Len_Len100 listed 1x Pink Bed for $5.00 on world
[13:01:04] [ITEM_LISTED]: Len_Len100 listed 6x Hay Block for $20.00 on world
[13:01:07] [ITEM_LISTED]: Len_Len100 listed 6x Hay Block for $20.00 on world
[13:09:24] [ITEM_SOLD]: Len_Len100 sold 1x Fishing Rod to  [Unbreaking II]yokkon_kun for $5.00 on world
[13:33:35] [ITEM_LISTED]: Len_Len100 listed 64x Redstone for $10.00 on world
[13:33:43] [ITEM_LISTED]: Len_Len100 listed 55x Iron Ingot for $100.00 on world
[13:34:05] [ITEM_LISTED]: Len_Len100 listed 64x Cobblestone for $5.00 on world
[14:34:47] [ITEM_LISTED]: Len_Len100 listed 1x Shield for $10.00 on world
[14:34:50] [ITEM_LISTED]: Len_Len100 listed 1x Shield for $10.00 on world
[14:34:54] [ITEM_LISTED]: Len_Len100 listed 1x Shield for $10.00 on world
[14:34:56] [ITEM_LISTED]: Len_Len100 listed 1x Shield for $10.00 on world
[14:34:58] [ITEM_LISTED]: Len_Len100 listed 1x Shield for $10.00 on world
[14:35:31] [ITEM_LISTED]: fcsmc01 listed 64x Kelp for $10,000.00 on world_nether
[14:35:52] [ITEM_SOLD]: Yumat_88 sold 1x Light Weighted Pressure Plate to fcsmc01 for $1,000.00 on world
[14:36:04] [ITEM_SOLD]: Yumat_88 sold 64x Cobblestone to fcsmc01 for $10.00 on world
[14:38:53] [ITEM_LISTED]: fcsmc01 listed 64x Netherrack for $100,000.00 on world_nether
[14:39:21] [ITEM_CANCELLED]: Len_Len100 cancelled an auction for 1x Fishing Rod [Unbreaking II] for $5.00 on world
[14:39:24] [ITEM_RETURNED]: Returned 1x Fishing Rod [Unbreaking II] to Len_Len100 on world
[14:51:32] [ITEM_CANCELLED]: Len_Len100 cancelled an auction for 1x Shield for $10.00 on world
[14:51:34] [ITEM_RETURNED]: Returned 1x Shield to Len_Len100 on world
[14:52:38] [ITEM_LISTED]: Len_Len100 listed 1x Shield for $10.00 on world
[14:52:40] [ITEM_LISTED]: Len_Len100 listed 1x Shield for $10.00 on world
[14:58:33] [ITEM_SOLD]: Yumat_88 sold 64x Cobblestone to fcsmc01 for $10.00 on world
[14:58:34] [ITEM_SOLD]: Yumat_88 sold 64x Cobblestone to fcsmc01 for $10.00 on world
[14:58:36] [ITEM_SOLD]: Yumat_88 sold 64x Cobblestone to fcsmc01 for $10.00 on world
[14:58:38] [ITEM_SOLD]: Len_Len100 sold 64x Cobblestone to fcsmc01 for $5.00 on world
[15:12:23] [ITEM_LISTED]: fcsmc01 listed 59x Cobblestone for $100,000.00 on world
[15:13:05] [ITEM_SOLD]: Len_Len100 sold 55x Iron Ingot to fcsmc01 for $100.00 on world
[15:14:53] [ITEM_RETURNED]: Returned 63x Sand to fcsmc01 on world
[15:16:25] [ITEM_SOLD]: umi0925 sold 8x Charcoal to fcsmc01 for $16.00 on world
[15:20:41] [ITEM_SOLD]: Len_Len100 sold 1x Shield to Yumat_88 for $10.00 on world
[15:20:49] [ITEM_SOLD]: Len_Len100 sold 1x Shield to Yumat_88 for $10.00 on world
[15:20:55] [ITEM_SOLD]: Len_Len100 sold 1x Shield to Yumat_88 for $10.00 on world
[15:21:00] [ITEM_SOLD]: Len_Len100 sold 6x Hay Block to Yumat_88 for $20.00 on world
[15:22:04] [ITEM_SOLD]: Len_Len100 sold 1x Fishing Rod to  [Unbreaking I]fcsmc01 for $5.00 on world
[15:40:07] [ITEM_CANCELLED]: fcsmc01 cancelled an auction for 64x Kelp for $10,000.00 on world_nether
[15:40:09] [ITEM_CANCELLED]: fcsmc01 cancelled an auction for 64x Netherrack for $100,000.00 on world_nether
[15:40:09] [ITEM_CANCELLED]: fcsmc01 cancelled an auction for 59x Cobblestone for $100,000.00 on world
[15:40:57] [ITEM_LISTED]: fcsmc01 listed 2x Cooked Cod for $100.00 on world
[16:44:43] [ITEM_SOLD]: Len_Len100 sold 1x Pink Bed to csawada for $5.00 on world
[16:44:45] [ITEM_SOLD]: Len_Len100 sold 1x Pink Bed to fcsmc01 for $5.00 on world
[16:47:43] [ITEM_LISTED]: csawada listed 2x Gunpowder for $50.00 on world
[17:52:40] [ITEM_SOLD]: Len_Len100 sold 32x Chorus Fruit to TsubochanDayo for $5.00 on world
[19:16:14] [ITEM_SOLD]: csawada sold 2x Gunpowder to utti_dayo for $50.00 on world
[19:16:21] [ITEM_SOLD]: Len_Len100 sold 1x Shield to utti_dayo for $10.00 on world
[19:32:07] [ITEM_LISTED]: utti_dayo listed 1x ドラゴンの頭入ってるかもパック for $5,000.00 on world
[19:32:22] [ITEM_SOLD]: Len_Len100 sold 6x Hay Block to utti_dayo for $20.00 on world
[19:32:31] [ITEM_SOLD]: Len_Len100 sold 64x Cobblestone to utti_dayo for $5.00 on world
[19:32:33] [ITEM_SOLD]: Len_Len100 sold 64x Cobblestone to utti_dayo for $5.00 on world
[19:32:46] [ITEM_SOLD]: Len_Len100 sold 64x Cobblestone to utti_dayo for $5.00 on world
[19:49:11] [ITEM_LISTED]: Len_Len100 listed 1x Shield for $10.00 on world
[19:49:12] [ITEM_LISTED]: Len_Len100 listed 1x Shield for $10.00 on world
[19:52:27] [ITEM_LISTED]: Len_Len100 listed 1x Iron Pickaxe [Efficiency II] for $10.00 on world
[20:40:00] [ITEM_LISTED]: Len_Len100 listed 55x Sweet Berries for $10.00 on world
[20:47:27] [ITEM_CANCELLED]: Len_Len100 cancelled an auction for 32x Chorus Fruit for $5.00 on world
[20:47:27] [ITEM_CANCELLED]: Len_Len100 cancelled an auction for 4x Chorus Flower for $30.00 on world
[20:47:29] [ITEM_RETURNED]: Returned 4x Chorus Flower to Len_Len100 on world
[20:47:29] [ITEM_RETURNED]: Returned 32x Chorus Fruit to Len_Len100 on world
