[17:42:52] [ITEM_LISTED]: Yumat_88 listed 4x Diamond for $1,000.00 on world
[17:42:56] [ITEM_SOLD]: Yumat_88 sold 4x Diamond to Diamond_0607 for $1,000.00 on world
[18:00:38] [ITEM_LISTED]: Yumat_88 listed 64x Oak Planks for $10.00 on world
[18:00:48] [ITEM_LISTED]: Yumat_88 listed 64x Oak Planks for $10.00 on world
[18:00:51] [ITEM_SOLD]: Yumat_88 sold 64x Oak Planks to Diamond_0607 for $10.00 on world
[18:00:53] [ITEM_SOLD]: Yumat_88 sold 64x Oak Planks to Diamond_0607 for $10.00 on world
[18:01:07] [ITEM_LISTED]: Yumat_88 listed 44x Oak Planks for $10.00 on world
[18:01:29] [ITEM_LISTED]: Yumat_88 listed 64x Oak Planks for $10.00 on world
[18:01:39] [ITEM_LISTED]: Yumat_88 listed 64x Cobblestone for $10.00 on world
[18:01:54] [ITEM_LISTED]: Yumat_88 listed 18x Cobblestone for $10.00 on world
[18:02:07] [ITEM_LISTED]: Yumat_88 listed 64x Cobblestone for $10.00 on world
[18:02:21] [ITEM_LISTED]: Yumat_88 listed 4x Coal for $10.00 on world
[18:02:51] [ITEM_LISTED]: Yumat_88 listed 64x Cobblestone for $10.00 on world
[18:03:04] [ITEM_LISTED]: Yumat_88 listed 64x Cobblestone for $10.00 on world
[18:03:28] [ITEM_LISTED]: Yumat_88 listed 64x Cobblestone for $10.00 on world
[18:03:43] [ITEM_LISTED]: Yumat_88 listed 2x Gravel for $10.00 on world
[18:04:00] [ITEM_LISTED]: Yumat_88 listed 5x Gunpowder for $10.00 on world
[18:04:14] [ITEM_LISTED]: Yumat_88 listed 52x Dirt for $10.00 on world
[18:04:26] [ITEM_LISTED]: Yumat_88 listed 10x Granite for $10.00 on world
[18:04:38] [ITEM_LISTED]: Yumat_88 listed 61x Andesite for $10.00 on world
[18:04:47] [ITEM_LISTED]: Yumat_88 listed 19x Diorite for $10.00 on world
[18:21:30] [ITEM_LISTED]: Diamond_0607 listed 64x Oak Log for $250.00 on world
[18:21:36] [ITEM_LISTED]: Diamond_0607 listed 64x Oak Log for $200.00 on world
[18:22:10] [ITEM_LISTED]: Diamond_0607 listed 45x Spruce Log for $10.00 on world
[18:22:15] [ITEM_LISTED]: Diamond_0607 listed 26x Oak Log for $10.00 on world
[18:22:22] [ITEM_LISTED]: Diamond_0607 listed 9x Oak Sapling for $9.00 on world
[18:22:29] [ITEM_LISTED]: Diamond_0607 listed 4x Spruce Sapling for $8.00 on world
[18:30:04] [ITEM_CANCELLED]: Diamond_0607 cancelled an auction for 26x Oak Log for $10.00 on world
[18:30:06] [ITEM_RETURNED]: Returned 26x Oak Log to Diamond_0607 on world
[18:32:19] [ITEM_LISTED]: Diamond_0607 listed 19x Oak Log for $39.00 on world
[21:16:18] [ITEM_LISTED]: Len_Len100 listed 2x Feather for $10.00 on world
[21:18:34] [ITEM_SOLD]: Yumat_88 sold 4x Coal to Len_Len100 for $10.00 on world
[21:21:55] [ITEM_SOLD]: Yumat_88 sold 64x Oak Planks to Len_Len100 for $10.00 on world
[21:22:37] [ITEM_SOLD]: Yumat_88 sold 44x Oak Planks to Len_Len100 for $10.00 on world
[21:22:56] [ITEM_SOLD]: Yumat_88 sold 64x Cobblestone to Len_Len100 for $10.00 on world
[21:24:52] [ITEM_LISTED]: Len_Len100 listed 1x String for $1.00 on world
[21:26:41] [ITEM_LISTED]: Len_Len100 listed 1x Shield for $15.00 on world
[22:21:00] [ITEM_CANCELLED]: Diamond_0607 cancelled an auction for 45x Spruce Log for $10.00 on world
[22:21:03] [ITEM_RETURNED]: Returned 45x Spruce Log to Diamond_0607 on world
[22:52:55] [ITEM_LISTED]: Yumat_88 listed 29x Diorite for $1.00 on world
[22:53:05] [ITEM_LISTED]: Yumat_88 listed 52x Cobblestone for $1.00 on world
[22:53:32] [ITEM_SOLD]: Len_Len100 sold 1x Shield to Yumat_88 for $15.00 on world
[22:54:04] [ITEM_LISTED]: Yumat_88 listed 1x Dropper for $10.00 on world
[22:54:21] [ITEM_LISTED]: Yumat_88 listed 6x Bone Meal for $10.00 on world
