[07:50:17] [ITEM_SOLD]: Diamond_0607 sold 1x Book to utti_dayo for $0.00 on world
[08:42:08] [ITEM_LISTED]: TsubochanDayo listed 30x Lapis Lazuli for $2,000.00 on world
[08:51:01] [ITEM_LISTED]: utti_dayo listed 1x Enchanted Book for $250.00 on world
[08:51:11] [ITEM_LISTED]: utti_dayo listed 1x Enchanted Book for $250.00 on world
[08:51:23] [ITEM_LISTED]: utti_dayo listed 1x Enchanted Book for $250.00 on world
[08:51:33] [ITEM_LISTED]: utti_dayo listed 1x Enchanted Book for $250.00 on world
[08:51:42] [ITEM_LISTED]: utti_dayo listed 1x Enchanted Book for $250.00 on world
[09:09:28] [ITEM_CANCELLED]: utti_dayo cancelled an auction for 1x Enchanted Book for $250.00 on world
[09:09:29] [ITEM_CANCELLED]: utti_dayo cancelled an auction for 1x Enchanted Book for $250.00 on world
[09:09:30] [ITEM_CANCELLED]: utti_dayo cancelled an auction for 1x Enchanted Book for $250.00 on world
[09:09:31] [ITEM_CANCELLED]: utti_dayo cancelled an auction for 1x Enchanted Book for $250.00 on world
[09:09:33] [ITEM_CANCELLED]: utti_dayo cancelled an auction for 1x Enchanted Book for $250.00 on world
[09:09:53] [ITEM_RETURNED]: Returned 1x Enchanted Book to utti_dayo on world
[09:09:55] [ITEM_RETURNED]: Returned 1x Enchanted Book to utti_dayo on world
[09:09:56] [ITEM_RETURNED]: Returned 1x Enchanted Book to utti_dayo on world
[09:09:57] [ITEM_RETURNED]: Returned 1x Enchanted Book to utti_dayo on world
[09:09:57] [ITEM_RETURNED]: Returned 1x Enchanted Book to utti_dayo on world
[12:07:50] [ITEM_LISTED]: yokkon_kun listed 20x Torch for $20.00 on world
[12:07:55] [ITEM_SOLD]: yokkon_kun sold 20x Torch to Diamond_0607 for $20.00 on world
[12:48:47] [ITEM_LISTED]: blazeland777 listed 5x Redstone for $2,000.00 on world
[17:15:00] [ITEM_SOLD]: utti_dayo sold 64x End Stone Bricks to Yumat_88 for $750.00 on world
[17:20:41] [ITEM_SOLD]: Yumat_88 sold 2x Tripwire Hook to Diamond_0607 for $1.00 on world
[19:19:19] [ITEM_LISTED]: Yumat_88 listed 1x Light Weighted Pressure Plate for $1,000.00 on world
[19:41:51] [ITEM_SOLD]: blazeland777 sold 1x Stone Pickaxe to Yumat_88 for $90.00 on world
