[13:24:59] [ITEM_LISTED]: Diamond_0607 listed 2x Diamond for $1,500.00 on world
[13:25:19] [ITEM_CANCELLED]: Diamond_0607 cancelled an auction for 2x Diamond for $1,200.00 on world
[13:25:21] [ITEM_CANCELLED]: Diamond_0607 cancelled an auction for 2x Diamond for $1,500.00 on world
[13:25:22] [ITEM_RETURNED]: Returned 2x Diamond to Diamond_0607 on world
[13:25:24] [ITEM_RETURNED]: Returned 2x Diamond to Diamond_0607 on world
[13:25:34] [ITEM_LISTED]: Diamond_0607 listed 1x Diamond for $600.00 on world
[13:26:08] [ITEM_LISTED]: Diamond_0607 listed 3x Diamond for $2,500.00 on world
[13:27:27] [ITEM_CANCELLED]: Diamond_0607 cancelled an auction for 3x Diamond for $2,500.00 on world
[13:27:28] [ITEM_CANCELLED]: Diamond_0607 cancelled an auction for 1x Diamond for $600.00 on world
[13:27:30] [ITEM_RETURNED]: Returned 3x Diamond to Diamond_0607 on world
[13:27:31] [ITEM_RETURNED]: Returned 1x Diamond to Diamond_0607 on world
[13:27:35] [ITEM_LISTED]: Diamond_0607 listed 7x Diamond for $5,000.00 on world
[13:33:42] [ITEM_SOLD]: Diamond_0607 sold 1x Golden Apple to Yumat_88 for $100.00 on world
[16:36:47] [ITEM_LISTED]: Len_Len100 listed 1x Pink Bed for $5.00 on world
[16:36:50] [ITEM_LISTED]: Len_Len100 listed 1x Pink Bed for $5.00 on world
[16:51:35] [ITEM_SOLD]: Yumat_88 sold 29x Diorite to Len_Len100 for $1.00 on world
[18:10:00] [ITEM_CANCELLED]: Len_Len100 cancelled an auction for 1x String for $1.00 on world
[18:10:05] [ITEM_RETURNED]: Returned 1x String to Len_Len100 on world
[18:51:13] [ITEM_LISTED]: Len_Len100 listed 64x Redstone for $10.00 on world
[18:51:19] [ITEM_LISTED]: Len_Len100 listed 64x Redstone for $10.00 on world
[18:51:28] [ITEM_LISTED]: Len_Len100 listed 24x Redstone for $4.00 on world
[18:55:28] [ITEM_SOLD]: Yumat_88 sold 52x Dirt to Len_Len100 for $10.00 on world
[21:02:11] [ITEM_CANCELLED]: Len_Len100 cancelled an auction for 64x Redstone for $10.00 on world
[21:02:16] [ITEM_RETURNED]: Returned 64x Redstone to Len_Len100 on world
[21:02:29] [ITEM_LISTED]: Len_Len100 listed 46x Redstone for $5.00 on world
[21:24:58] [ITEM_SOLD]: Yumat_88 sold 61x Andesite to Len_Len100 for $10.00 on world
[21:30:54] [ITEM_SOLD]: Len_Len100 sold 1x Pink Bed to csawada for $5.00 on world
[21:31:12] [ITEM_SOLD]: Len_Len100 sold 1x Pink Bed to csawada for $5.00 on world
[21:38:34] [ITEM_LISTED]: umi0925 listed 1x Crafting Table for $5.00 on world
[21:38:39] [ITEM_SOLD]: umi0925 sold 1x Crafting Table to csawada for $5.00 on world
[21:47:58] [ITEM_LISTED]: umi0925 listed 8x Charcoal for $16.00 on world
[21:48:38] [ITEM_SOLD]: umi0925 sold 8x Charcoal to csawada for $16.00 on world
[21:49:04] [ITEM_LISTED]: umi0925 listed 8x Charcoal for $16.00 on world
[21:49:19] [ITEM_LISTED]: umi0925 listed 64x Stick for $100.00 on world
[21:49:30] [ITEM_SOLD]: umi0925 sold 64x Stick to csawada for $100.00 on world
[21:49:58] [ITEM_LISTED]: umi0925 listed 64x Stick for $100.00 on world
