[08:49:49] [ITEM_SOLD]: Diamond_0607 sold 1x 誰か買ってください to yutoguma for $1.00 on world
[17:55:32] [ITEM_LISTED]: Diamond_0607 listed 1x Oak Sapling for $61.00 on world
[17:55:44] [ITEM_SOLD]: Diamond_0607 sold 1x Oak Sapling to Yumat_88 for $61.00 on world
[18:05:34] [ITEM_LISTED]: Diamond_0607 listed 1x Iron Helmet for $67.00 on world
[18:05:44] [ITEM_SOLD]: Diamond_0607 sold 1x Iron Helmet to Yumat_88 for $67.00 on world
[18:30:40] [ITEM_LISTED]: Yumat_88 listed 6x Torch for $2.00 on world
[18:30:50] [ITEM_SOLD]: Yumat_88 sold 6x Torch to Diamond_0607 for $2.00 on world
[18:48:12] [ITEM_LISTED]: Diamond_0607 listed 1x Apple for $2.00 on world
[18:48:20] [ITEM_SOLD]: Diamond_0607 sold 1x Apple to Yumat_88 for $2.00 on world
[18:51:02] [ITEM_LISTED]: Diamond_0607 listed 4x Gold Ingot for $0.00 on world
[18:51:11] [ITEM_SOLD]: Diamond_0607 sold 4x Gold Ingot to Yumat_88 for $0.00 on world
[18:51:20] [ITEM_CANCELLED]: Diamond_0607 cancelled an auction for 5x Gold Block for $2,500.00 on world
[18:51:23] [ITEM_RETURNED]: Returned 5x Gold Block to Diamond_0607 on world
[19:11:21] [ITEM_LISTED]: Diamond_0607 listed 51x End Stone Bricks for $600.00 on world
[19:11:47] [ITEM_LISTED]: Diamond_0607 listed 1x Grindstone for $100.00 on world
[19:44:19] [ITEM_LISTED]: Yumat_88 listed 1x Phantom Membrane for $0.00 on world
[19:44:24] [ITEM_SOLD]: Yumat_88 sold 1x Phantom Membrane to Diamond_0607 for $0.00 on world
[19:44:49] [ITEM_LISTED]: Diamond_0607 listed 1x Phantom Membrane for $3,500.00 on world
[20:15:05] [ITEM_LISTED]: blazeland777 listed 50x Coal for $70.00 on world
[20:18:22] [ITEM_LISTED]: blazeland777 listed 1x Stone Pickaxe for $90.00 on world
