[10:58:15] [ITEM_CANCELLED]: Diamond_0607 cancelled an auction for 16x Ender Pearl for $1,000.00 on world
[10:58:18] [ITEM_RETURNED]: Returned 16x Ender Pearl to Diamond_0607 on world
[10:58:18] [ITEM_RETURNED]: Returned 51x End Stone Bricks to Diamond_0607 on world
[10:58:18] [ITEM_RETURNED]: Returned 1x Grindstone to Diamond_0607 on world
[10:59:41] [ITEM_LISTED]: Yumat_88 listed 2x Gold Nugget for $100.00 on world
[11:03:17] [ITEM_LISTED]: Yumat_88 listed 16x Stick for $10.00 on world
[11:03:22] [ITEM_SOLD]: Yumat_88 sold 16x Stick to Diamond_0607 for $10.00 on world
[11:03:59] [ITEM_LISTED]: Diamond_0607 listed 1x Diamond for $999.00 on world
[11:04:42] [ITEM_LISTED]: Diamond_0607 listed 1x Golden Leggings for $10.00 on world
[11:04:47] [ITEM_LISTED]: Diamond_0607 listed 1x Iron Chestplate for $10.00 on world
[11:05:06] [ITEM_SOLD]: Diamond_0607 sold 1x Iron Chestplate to Yumat_88 for $10.00 on world
[11:05:18] [ITEM_CANCELLED]: Diamond_0607 cancelled an auction for 1x Golden Leggings for $10.00 on world
[11:05:34] [ITEM_RETURNED]: Returned 1x Golden Leggings to Diamond_0607 on world
[11:05:39] [ITEM_LISTED]: Diamond_0607 listed 1x Golden Leggings for $10.00 on world
[11:05:52] [ITEM_SOLD]: Diamond_0607 sold 1x Golden Leggings to Yumat_88 for $10.00 on world
[11:06:54] [ITEM_LISTED]: Diamond_0607 listed 2x ダイヤ for $1.00 on world
[11:28:06] [ITEM_LISTED]: Yumat_88 listed 33x Stick for $20.00 on world
[11:28:38] [ITEM_SOLD]: Yumat_88 sold 33x Stick to Diamond_0607 for $20.00 on world
[11:40:35] [ITEM_SOLD]: Diamond_0607 sold 1x Diamond to blazeland777 for $999.00 on world
[11:59:17] [ITEM_SOLD]: Diamond_0607 sold 2x ダイヤ to csawada for $1.00 on world
[13:32:36] [ITEM_LISTED]: csawada listed 2x Rose Bush for $100.00 on world
[14:28:45] [ITEM_LISTED]: fcsmc01 listed 1x Dandelion for $10.00 on world
[15:23:12] [ITEM_LISTED]: fcsmc01 listed 63x Sand for $1,000.00 on world
[15:25:05] [ITEM_CANCELLED]: fcsmc01 cancelled an auction for 63x Sand for $1,000.00 on world
[15:25:07] [ITEM_CANCELLED]: fcsmc01 cancelled an auction for 1x Dandelion for $10.00 on world
[15:31:18] [ITEM_LISTED]: fcsmc01 listed 7x Iron Ingot for $1,000.00 on world
[19:49:12] [ITEM_LISTED]: Diamond_0607 listed 3x Iron Ingot for $25.00 on world
[19:49:50] [ITEM_SOLD]: Diamond_0607 sold 3x Iron Ingot to Yumat_88 for $25.00 on world
[20:06:06] [ITEM_LISTED]: Diamond_0607 listed 26x Torch for $0.00 on world
[20:06:19] [ITEM_SOLD]: Diamond_0607 sold 26x Torch to Yumat_88 for $0.00 on world
[20:06:24] [ITEM_LISTED]: Diamond_0607 listed 3x Bread for $3.00 on world
[20:06:28] [ITEM_SOLD]: Diamond_0607 sold 3x Bread to Yumat_88 for $3.00 on world
[20:10:06] [ITEM_LISTED]: Diamond_0607 listed 1x Diamond Pickaxe for $10.00 on world
[20:10:15] [ITEM_SOLD]: Diamond_0607 sold 1x Diamond Pickaxe to Yumat_88 for $10.00 on world
[20:25:26] [ITEM_LISTED]: Yumat_88 listed 1x Iron Shovel for $10.00 on world
[20:25:28] [ITEM_SOLD]: Yumat_88 sold 1x Iron Shovel to Diamond_0607 for $10.00 on world
[20:28:32] [ITEM_LISTED]: Yumat_88 listed 2x Diamond for $7.00 on world
[20:28:38] [ITEM_SOLD]: Yumat_88 sold 2x Diamond to Diamond_0607 for $7.00 on world
