[16:40:21] [ITEM_LISTED]: Len_Len100 listed 64x Sweet Berries for $10.00 on world
[17:06:04] [ITEM_LISTED]: Len_Len100 listed 1x Pink Bed for $5.00 on world
[17:06:06] [ITEM_LISTED]: Len_Len100 listed 1x Pink Bed for $5.00 on world
[17:06:08] [ITEM_LISTED]: Len_Len100 listed 1x Pink Bed for $5.00 on world
[17:06:10] [ITEM_LISTED]: Len_Len100 listed 1x Pink Bed for $5.00 on world
[17:06:32] [ITEM_LISTED]: Len_Len100 listed 1x Pink Bed for $5.00 on world
[17:23:27] [ITEM_LISTED]: Len_Len100 listed 1x Pink Bed for $5.00 on world
[18:10:53] [ITEM_CANCELLED]: Diamond_0607 cancelled an auction for 7x Diamond for $5,000.00 on world
[18:11:02] [ITEM_RETURNED]: Returned 7x Diamond to Diamond_0607 on world
[18:11:11] [ITEM_LISTED]: Diamond_0607 listed 7x Diamond for $4,500.00 on world
[18:12:07] [ITEM_LISTED]: Len_Len100 listed 64x Dirt for $3.00 on world
[18:12:11] [ITEM_LISTED]: Len_Len100 listed 64x Dirt for $3.00 on world
[18:12:14] [ITEM_LISTED]: Len_Len100 listed 64x Dirt for $3.00 on world
[18:12:21] [ITEM_LISTED]: Len_Len100 listed 19x Dirt for $1.00 on world
[18:12:30] [ITEM_LISTED]: Len_Len100 listed 64x Andesite for $5.00 on world
[18:13:05] [ITEM_SOLD]: Len_Len100 sold 1x Pink Bed to Diamond_0607 for $5.00 on world
[18:13:07] [ITEM_SOLD]: Len_Len100 sold 1x Pink Bed to Diamond_0607 for $5.00 on world
[18:13:10] [ITEM_SOLD]: Len_Len100 sold 1x Pink Bed to Diamond_0607 for $5.00 on world
[18:13:13] [ITEM_SOLD]: Len_Len100 sold 1x Pink Bed to Diamond_0607 for $5.00 on world
[18:13:15] [ITEM_SOLD]: Len_Len100 sold 1x Pink Bed to Diamond_0607 for $5.00 on world
[18:13:20] [ITEM_SOLD]: Len_Len100 sold 1x Pink Bed to Diamond_0607 for $5.00 on world
[18:13:54] [ITEM_LISTED]: Len_Len100 listed 1x Pink Bed for $5.00 on world
[18:13:57] [ITEM_LISTED]: Len_Len100 listed 1x Pink Bed for $5.00 on world
[18:14:01] [ITEM_LISTED]: Len_Len100 listed 1x Pink Bed for $5.00 on world
[18:14:32] [ITEM_SOLD]: Len_Len100 sold 1x Buried Treasure Map to Diamond_0607 for $20.00 on world
[18:14:50] [ITEM_LISTED]: Diamond_0607 listed 1x Buried Treasure Map for $999.00 on world
[18:15:47] [ITEM_SOLD]: Len_Len100 sold 46x Redstone to Diamond_0607 for $5.00 on world
[18:15:50] [ITEM_SOLD]: Len_Len100 sold 24x Redstone to Diamond_0607 for $4.00 on world
[18:15:52] [ITEM_SOLD]: Len_Len100 sold 64x Redstone to Diamond_0607 for $10.00 on world
[18:16:02] [ITEM_SOLD]: Len_Len100 sold 21x Dropper to Diamond_0607 for $50.00 on world
[18:16:13] [ITEM_LISTED]: Len_Len100 listed 64x Redstone for $5.00 on world
[18:16:14] [ITEM_SOLD]: Len_Len100 sold 8x Arrow to Diamond_0607 for $4.00 on world
[18:16:16] [ITEM_SOLD]: Len_Len100 sold 4x Arrow to Diamond_0607 for $5.00 on world
[18:17:20] [ITEM_LISTED]: Diamond_0607 listed 64x Redstone Block for $1,300.00 on world
[18:17:31] [ITEM_CANCELLED]: Diamond_0607 cancelled an auction for 64x Redstone Block for $1,300.00 on world
[18:17:32] [ITEM_RETURNED]: Returned 64x Redstone Block to Diamond_0607 on world
[18:17:34] [ITEM_RETURNED]: Returned 64x Oak Log to Diamond_0607 on world
[18:17:39] [ITEM_LISTED]: Len_Len100 listed 1x Shield for $10.00 on world
[18:17:48] [ITEM_LISTED]: Len_Len100 listed 1x Shield for $10.00 on world
[18:17:53] [ITEM_LISTED]: Diamond_0607 listed 64x Redstone Block for $4,500.00 on world
[18:40:58] [ITEM_LISTED]: Len_Len100 listed 3x Diamond for $100.00 on world
[18:42:15] [ITEM_LISTED]: Len_Len100 listed 26x Spruce Sapling for $1.00 on world
[18:42:17] [ITEM_LISTED]: Len_Len100 listed 25x Oak Sapling for $1.00 on world
[18:42:36] [ITEM_LISTED]: Len_Len100 listed 64x Cobblestone for $5.00 on world
[18:42:39] [ITEM_LISTED]: Len_Len100 listed 64x Cobblestone for $5.00 on world
[18:42:41] [ITEM_LISTED]: Len_Len100 listed 64x Cobblestone for $5.00 on world
[18:42:44] [ITEM_LISTED]: Len_Len100 listed 64x Cobblestone for $5.00 on world
[18:42:45] [ITEM_LISTED]: Len_Len100 listed 64x Cobblestone for $5.00 on world
[18:42:50] [ITEM_LISTED]: Len_Len100 listed 64x Cobblestone for $5.00 on world
[18:42:51] [ITEM_LISTED]: Len_Len100 listed 64x Cobblestone for $5.00 on world
[18:42:55] [ITEM_LISTED]: Len_Len100 listed 64x Cobblestone for $5.00 on world
[18:42:57] [ITEM_LISTED]: Len_Len100 listed 64x Cobblestone for $5.00 on world
[18:43:07] [ITEM_LISTED]: Len_Len100 listed 64x Cobblestone for $5.00 on world
[18:43:12] [ITEM_LISTED]: Len_Len100 listed 45x Cobblestone for $3.00 on world
[18:44:03] [ITEM_LISTED]: Len_Len100 listed 1x Shield for $10.00 on world
[20:16:59] [ITEM_SOLD]: Diamond_0607 sold 64x Oak Log to umi0925 for $200.00 on world
[20:33:27] [ITEM_CANCELLED]: Len_Len100 cancelled an auction for 64x Andesite for $5.00 on world
[20:33:29] [ITEM_RETURNED]: Returned 64x Andesite to Len_Len100 on world
[20:48:27] [ITEM_LISTED]: yutoguma listed 2x Leather for $50.00 on world
[20:49:13] [ITEM_SOLD]: yutoguma sold 2x Leather to Len_Len100 for $50.00 on world
[20:50:50] [ITEM_LISTED]: yutoguma listed 20x Cooked Beef for $51.00 on world
[20:51:44] [ITEM_LISTED]: yutoguma listed 3x Book for $51.00 on world
[20:52:02] [ITEM_SOLD]: yutoguma sold 3x Book to Len_Len100 for $51.00 on world
[20:54:25] [ITEM_CANCELLED]: Len_Len100 cancelled an auction for 64x Dirt for $3.00 on world
[20:54:27] [ITEM_CANCELLED]: Len_Len100 cancelled an auction for 64x Dirt for $3.00 on world
[20:54:29] [ITEM_RETURNED]: Returned 64x Dirt to Len_Len100 on world
[20:54:37] [ITEM_LISTED]: yutoguma listed 3x Wheat Seeds for $1.00 on world
[20:55:00] [ITEM_SOLD]: Len_Len100 sold 64x Dirt to umi0925 for $3.00 on world
[20:55:00] [ITEM_LISTED]: yutoguma listed 47x Dirt for $5.00 on world
[20:55:04] [ITEM_SOLD]: Len_Len100 sold 19x Dirt to umi0925 for $1.00 on world
[20:55:20] [ITEM_SOLD]: Len_Len100 sold 3x Diamond to yutoguma for $100.00 on world
[20:55:40] [ITEM_SOLD]: Len_Len100 sold 1x Pink Bed to csawada for $5.00 on world
[21:05:47] [ITEM_LISTED]: Len_Len100 listed 23x Dirt for $5.00 on world
[21:07:21] [ITEM_LISTED]: Len_Len100 listed 45x Dirt for $5.00 on world
[21:09:24] [ITEM_SOLD]: yutoguma sold 47x Dirt to umi0925 for $5.00 on world
[21:09:27] [ITEM_SOLD]: Len_Len100 sold 23x Dirt to umi0925 for $5.00 on world
[21:09:30] [ITEM_SOLD]: Len_Len100 sold 45x Dirt to umi0925 for $5.00 on world
[21:12:16] [ITEM_LISTED]: csawada listed 64x Dirt for $10.00 on world
[21:12:27] [ITEM_SOLD]: csawada sold 64x Dirt to umi0925 for $10.00 on world
[21:20:30] [ITEM_LISTED]: Len_Len100 listed 16x Wheat Seeds for $1.00 on world
[21:20:44] [ITEM_SOLD]: Len_Len100 sold 16x Wheat Seeds to umi0925 for $1.00 on world
[21:20:46] [ITEM_SOLD]: yutoguma sold 3x Wheat Seeds to umi0925 for $1.00 on world
[21:28:33] [ITEM_SOLD]: yutoguma sold 20x Cooked Beef to umi0925 for $51.00 on world
[21:28:41] [ITEM_LISTED]: csawada listed 11x Wheat Seeds for $10.00 on world
[21:28:51] [ITEM_SOLD]: csawada sold 11x Wheat Seeds to umi0925 for $10.00 on world
[21:31:46] [ITEM_LISTED]: Len_Len100 listed 1x Potato for $5.00 on world
[21:31:55] [ITEM_LISTED]: Len_Len100 listed 1x Carrot for $5.00 on world
[22:25:09] [ITEM_SOLD]: Len_Len100 sold 1x Shield to Diamond_0607 for $10.00 on world
[22:25:24] [ITEM_SOLD]: Len_Len100 sold 1x Shield to Diamond_0607 for $10.00 on world
[22:25:45] [ITEM_SOLD]: Len_Len100 sold 1x Pink Bed to Diamond_0607 for $5.00 on world
[22:25:47] [ITEM_SOLD]: Len_Len100 sold 1x Pink Bed to Diamond_0607 for $5.00 on world
[22:25:52] [ITEM_SOLD]: Len_Len100 sold 1x Shield to Diamond_0607 for $10.00 on world
[22:27:28] [ITEM_CANCELLED]: Diamond_0607 cancelled an auction for 7x Diamond for $4,500.00 on world
[22:27:41] [ITEM_RETURNED]: Returned 7x Diamond to Diamond_0607 on world
[22:37:40] [ITEM_SOLD]: Diamond_0607 sold 1x Buried Treasure Map to Yumat_88 for $999.00 on world
[22:39:17] [ITEM_LISTED]: Diamond_0607 listed 1x Shield for $100.00 on world
[22:39:21] [ITEM_LISTED]: Diamond_0607 listed 1x Shield for $100.00 on world
[22:39:33] [ITEM_SOLD]: Diamond_0607 sold 1x Shield to Yumat_88 for $100.00 on world
[22:39:36] [ITEM_SOLD]: Diamond_0607 sold 1x Shield to Yumat_88 for $100.00 on world
[22:42:26] [ITEM_LISTED]: Yumat_88 listed 1x Buried Treasure Map for $0.00 on world
[22:42:30] [ITEM_SOLD]: Yumat_88 sold 1x Buried Treasure Map to Diamond_0607 for $0.00 on world
[22:48:11] [ITEM_LISTED]: Diamond_0607 listed 1x Iron Sword for $10.00 on world
[22:48:19] [ITEM_SOLD]: Diamond_0607 sold 1x Iron Sword to Yumat_88 for $10.00 on world
[22:51:07] [ITEM_LISTED]: Diamond_0607 listed 64x Wheat Seeds for $64.00 on world
[22:51:12] [ITEM_LISTED]: Diamond_0607 listed 64x Wheat Seeds for $64.00 on world
[22:55:25] [ITEM_SOLD]: Diamond_0607 sold 64x Wheat Seeds to umi0925 for $64.00 on world
[22:55:27] [ITEM_SOLD]: Diamond_0607 sold 64x Wheat Seeds to umi0925 for $64.00 on world
