[14:17:47] [ITEM_LISTED]: Diamond_0607 listed 64x Cobblestone for $10.00 on world
[14:17:51] [ITEM_LISTED]: fcsmc01 listed 1x Dirt for $1.00 on world
[14:18:00] [ITEM_LISTED]: Diamond_0607 listed 13x Redstone for $50.00 on world
[14:18:59] [ITEM_LISTED]: blazeland777 listed 2x Arrow for $10.00 on world
[14:19:23] [ITEM_LISTED]: Diamond_0607 listed 4x Torch for $10.00 on world
[14:19:31] [ITEM_LISTED]: yokkon_kun listed 1x Stone Pickaxe for $20.00 on world
[14:19:31] [ITEM_LISTED]: Diamond_0607 listed 8x Coal for $5.00 on world
[14:19:35] [ITEM_LISTED]: yokkon_kun listed 1x Stone Pickaxe for $20.00 on world
[14:19:47] [ITEM_LISTED]: CrazyFlamy listed 1x Leather Leggings [Mending] for $100.00 on world
[14:20:42] [ITEM_CANCELLED]: CrazyFlamy cancelled an auction for 1x Leather Leggings [Mending] for $100.00 on world
[14:20:43] [ITEM_LISTED]: TAISEI_O listed 12x Oak Planks for $2.00 on world
[14:20:54] [ITEM_RETURNED]: Returned 1x Leather Leggings [Mending] to CrazyFlamy on world
[14:21:19] [ITEM_LISTED]: CrazyFlamy listed 1x Leather Leggings [Mending] for $40.00 on world
[14:21:23] [ITEM_SOLD]: yokkon_kun sold 1x Stone Pickaxe to blazeland777 for $20.00 on world
[14:21:49] [ITEM_SOLD]: TAISEI_O sold 12x Oak Planks to Diamond_0607 for $2.00 on world
[14:22:01] [ITEM_LISTED]: CrazyFlamy listed 6x Spruce Planks for $10.00 on world
[14:22:59] [ITEM_LISTED]: blazeland777 listed 3x Sweet Berries for $10.00 on world
[14:23:00] [ITEM_LISTED]: Diamond_0607 listed 64x Cobblestone for $10.00 on world
[14:23:16] [ITEM_LISTED]: Diamond_0607 listed 64x Cobblestone for $10.02 on world
[14:23:28] [ITEM_SOLD]: blazeland777 sold 3x Sweet Berries to Diamond_0607 for $10.00 on world
[14:23:52] [ITEM_SOLD]: CrazyFlamy sold 1x Leather Leggings to  [Mending]csawada for $40.00 on world
[14:24:10] [ITEM_LISTED]: TAISEI_O listed 4x Stick for $2.00 on world
[14:24:14] [ITEM_LISTED]: blazeland777 listed 1x Pumpkin for $20.00 on world
[14:24:15] [ITEM_SOLD]: TAISEI_O sold 4x Stick to Diamond_0607 for $2.00 on world
[14:25:17] [ITEM_LISTED]: Diamond_0607 listed 11x Coal for $13.12 on world
[14:25:28] [ITEM_LISTED]: Diamond_0607 listed 8x Iron Ore for $5.00 on world
[14:25:59] [ITEM_SOLD]: Diamond_0607 sold 8x Iron Ore to blazeland777 for $5.00 on world
[14:27:16] [ITEM_LISTED]: Diamond_0607 listed 13x Coal for $15.99 on world
[14:27:29] [ITEM_SOLD]: Diamond_0607 sold 13x Coal to UsaPyon2010 for $15.99 on world
[14:28:43] [ITEM_SOLD]: Diamond_0607 sold 4x Torch to UsaPyon2010 for $10.00 on world
[14:30:11] [ITEM_LISTED]: blazeland777 listed 3x Rail for $30.00 on world
[14:30:29] [ITEM_LISTED]: Diamond_0607 listed 27x Redstone for $120.99 on world
[14:31:00] [ITEM_LISTED]: TAISEI_O listed 1x Crafting Table for $2.00 on world
[14:31:42] [ITEM_SOLD]: TAISEI_O sold 1x Crafting Table to Diamond_0607 for $2.00 on world
[14:31:59] [ITEM_LISTED]: Diamond_0607 listed 1x Crafting Table for $4.20 on world
[14:32:00] [ITEM_SOLD]: Diamond_0607 sold 11x Coal to UsaPyon2010 for $13.12 on world
[14:32:09] [ITEM_SOLD]: Diamond_0607 sold 8x Coal to UsaPyon2010 for $5.00 on world
[14:32:12] [ITEM_SOLD]: Diamond_0607 sold 64x Cobblestone to UsaPyon2010 for $10.02 on world
[14:32:14] [ITEM_SOLD]: Diamond_0607 sold 64x Cobblestone to UsaPyon2010 for $10.00 on world
[14:32:16] [ITEM_SOLD]: Diamond_0607 sold 64x Cobblestone to UsaPyon2010 for $10.00 on world
[14:32:21] [ITEM_SOLD]: blazeland777 sold 2x Arrow to UsaPyon2010 for $10.00 on world
[14:32:28] [ITEM_SOLD]: Diamond_0607 sold 27x Redstone to UsaPyon2010 for $120.99 on world
[14:32:29] [ITEM_SOLD]: Diamond_0607 sold 13x Redstone to UsaPyon2010 for $50.00 on world
[14:32:51] [ITEM_LISTED]: csawada listed 6x Gold Ingot for $300.00 on world
[14:34:34] [ITEM_LISTED]: CrazyFlamy listed 3x Porkchop for $10.00 on world
[14:34:40] [ITEM_SOLD]: CrazyFlamy sold 3x Porkchop to Diamond_0607 for $10.00 on world
[14:35:23] [ITEM_LISTED]: CrazyFlamy listed 5x Sugar Cane for $10.00 on world
[14:35:23] [ITEM_LISTED]: TAISEI_O listed 1x Apple for $99.00 on world
[14:36:18] [ITEM_SOLD]: TAISEI_O sold 1x Apple to UsaPyon2010 for $99.00 on world
[14:36:53] [ITEM_LISTED]: TAISEI_O listed 1x Rotten Flesh for $100.00 on world
[14:37:14] [ITEM_LISTED]: Diamond_0607 listed 28x Redstone for $20.98 on world
[14:37:21] [ITEM_LISTED]: CrazyFlamy listed 1x Chicken for $100.00 on world
[14:38:16] [ITEM_LISTED]: TAISEI_O listed 4x Pumpkin Seeds for $70.00 on world
[14:38:22] [ITEM_LISTED]: yutoguma listed 2x Rotten Flesh for $100.00 on world
[14:38:53] [ITEM_LISTED]: blazeland777 listed 16x Sweet Berries for $40.00 on world
[14:39:09] [ITEM_LISTED]: CrazyFlamy listed 3x Mutton for $70.00 on world
[14:39:34] [ITEM_SOLD]: blazeland777 sold 16x Sweet Berries to UsaPyon2010 for $40.00 on world
[14:39:40] [ITEM_SOLD]: CrazyFlamy sold 3x Mutton to UsaPyon2010 for $70.00 on world
[14:39:45] [ITEM_LISTED]: Diamond_0607 listed 4x Diamond for $350.00 on world
[14:39:54] [ITEM_SOLD]: Diamond_0607 sold 4x Diamond to csawada for $350.00 on world
[14:40:02] [ITEM_LISTED]: CrazyFlamy listed 1x Chicken for $10.00 on world
[14:40:07] [ITEM_LISTED]: Diamond_0607 listed 1x Diamond for $100.00 on world
[14:40:43] [ITEM_LISTED]: yokkon_kun listed 63x Kelp for $630.00 on world
[14:40:45] [ITEM_SOLD]: yokkon_kun sold 63x Kelp to Diamond_0607 for $630.00 on world
[14:41:51] [ITEM_LISTED]: Diamond_0607 listed 52x Lapis Lazuli for $250.00 on world
[14:41:54] [ITEM_LISTED]: csawada listed 1x Arrow for $999.00 on world
[14:41:56] [ITEM_LISTED]: CrazyFlamy listed 64x Kelp for $50.00 on world
[14:42:07] [ITEM_LISTED]: CrazyFlamy listed 64x Kelp for $50.00 on world
[14:42:13] [ITEM_SOLD]: CrazyFlamy sold 64x Kelp to UsaPyon2010 for $50.00 on world
[14:42:18] [ITEM_LISTED]: CrazyFlamy listed 64x Kelp for $50.00 on world
[14:42:52] [ITEM_LISTED]: Diamond_0607 listed 11x Iron Ore for $10.00 on world
[14:42:54] [ITEM_SOLD]: Diamond_0607 sold 11x Iron Ore to UsaPyon2010 for $10.00 on world
[14:43:16] [ITEM_LISTED]: CrazyFlamy listed 64x Kelp for $70.00 on world
[14:43:31] [ITEM_SOLD]: CrazyFlamy sold 6x Spruce Planks to Diamond_0607 for $10.00 on world
[14:44:25] [ITEM_LISTED]: CrazyFlamy listed 64x Kelp for $50.00 on world
[14:44:25] [ITEM_LISTED]: csawada listed 1x Wheat Seeds for $300.00 on world
[14:45:12] [ITEM_LISTED]: yokkon_kun listed 1x Iron Chestplate for $150.00 on world
[14:45:14] [ITEM_SOLD]: yokkon_kun sold 1x Iron Chestplate to Diamond_0607 for $150.00 on world
[14:46:12] [ITEM_LISTED]: UsaPyon2010 listed 22x Oak Log for $70.00 on world
[14:46:25] [ITEM_SOLD]: UsaPyon2010 sold 22x Oak Log to Diamond_0607 for $70.00 on world
[14:46:27] [ITEM_LISTED]: UsaPyon2010 listed 9x Oak Sapling for $40.00 on world
[14:46:49] [ITEM_LISTED]: CrazyFlamy listed 9x Clay Ball for $30.00 on world
[14:46:50] [ITEM_LISTED]: Diamond_0607 listed 14x Iron Ore for $150.00 on world
[14:46:51] [ITEM_SOLD]: CrazyFlamy sold 9x Clay Ball to UsaPyon2010 for $30.00 on world
[14:46:54] [ITEM_SOLD]: Diamond_0607 sold 14x Iron Ore to UsaPyon2010 for $150.00 on world
[14:47:09] [ITEM_LISTED]: UsaPyon2010 listed 9x Clay Ball for $100.00 on world
[14:47:18] [ITEM_LISTED]: UsaPyon2010 listed 10x Redstone for $70.00 on world
[14:47:26] [ITEM_LISTED]: UsaPyon2010 listed 64x Cobblestone for $70.00 on world
[14:47:30] [ITEM_LISTED]: UsaPyon2010 listed 64x Cobblestone for $70.00 on world
[14:47:34] [ITEM_LISTED]: UsaPyon2010 listed 13x Sweet Berries for $70.00 on world
[14:47:35] [ITEM_LISTED]: CrazyFlamy listed 1x Nautilus Shell for $90.00 on world
[14:47:41] [ITEM_LISTED]: UsaPyon2010 listed 2x Furnace for $40.00 on world
[14:47:41] [ITEM_SOLD]: CrazyFlamy sold 1x Nautilus Shell to Diamond_0607 for $90.00 on world
[14:47:57] [ITEM_LISTED]: Diamond_0607 listed 1x Nautilus Shell for $150.00 on world
[14:48:16] [ITEM_SOLD]: Diamond_0607 sold 1x Crafting Table to UsaPyon2010 for $4.20 on world
[14:48:43] [ITEM_LISTED]: CrazyFlamy listed 64x Kelp for $10.00 on world
[14:48:50] [ITEM_LISTED]: CrazyFlamy listed 64x Kelp for $10.00 on world
[14:48:55] [ITEM_LISTED]: CrazyFlamy listed 64x Kelp for $10.00 on world
[14:49:00] [ITEM_LISTED]: CrazyFlamy listed 64x Kelp for $10.00 on world
[14:49:07] [ITEM_LISTED]: CrazyFlamy listed 64x Kelp for $10.00 on world
[14:49:25] [ITEM_LISTED]: CrazyFlamy listed 2x White Wool for $10.00 on world
[14:49:27] [ITEM_LISTED]: csawada listed 1x Diamond for $30,000.00 on world
[14:50:20] [ITEM_LISTED]: Diamond_0607 listed 64x Cobblestone for $100.00 on world
[14:51:58] [ITEM_SOLD]: Diamond_0607 sold 1x Diamond to csawada for $100.00 on world
[14:52:01] [ITEM_LISTED]: CrazyFlamy listed 2x Feather for $1.00 on world
[14:52:23] [ITEM_LISTED]: csawada listed 1x Diamond for $9,999.00 on world
[14:52:32] [ITEM_LISTED]: CrazyFlamy listed 2x Arrow for $1.00 on world
[14:52:37] [ITEM_LISTED]: CrazyFlamy listed 2x Bone for $1.00 on world
[14:54:07] [ITEM_LISTED]: yokkon_kun listed 25x Torch for $250.00 on world
[14:54:10] [ITEM_SOLD]: yokkon_kun sold 25x Torch to Diamond_0607 for $250.00 on world
[14:55:51] [ITEM_LISTED]: Diamond_0607 listed 6x Gold Ore for $150.00 on world
[14:55:54] [ITEM_SOLD]: yokkon_kun sold 1x Stone Pickaxe to blazeland777 for $20.00 on world
[14:59:08] [ITEM_LISTED]: UsaPyon2010 listed 16x Stick for $1.00 on world
[14:59:42] [ITEM_SOLD]: UsaPyon2010 sold 16x Stick to Diamond_0607 for $1.00 on world
[15:00:31] [ITEM_LISTED]: CrazyFlamy listed 10x Oak Planks for $20.00 on world
[15:01:02] [ITEM_LISTED]: Diamond_0607 listed 64x Redstone for $2,560.00 on world
[15:02:24] [ITEM_LISTED]: Diamond_0607 listed 10x Iron Ore for $1.00 on world
[15:02:27] [ITEM_SOLD]: Diamond_0607 sold 10x Iron Ore to UsaPyon2010 for $1.00 on world
[15:07:27] [ITEM_SOLD]: Diamond_0607 sold 6x Gold Ore to blazeland777 for $150.00 on world
[15:09:45] [ITEM_LISTED]: CrazyFlamy listed 1x Ender Pearl for $150.00 on world
[15:10:12] [ITEM_LISTED]: Diamond_0607 listed 10x Iron Ore for $19.99 on world
[15:10:37] [ITEM_LISTED]: yokkon_kun listed 2x Chest for $20.00 on world
[15:10:40] [ITEM_SOLD]: yokkon_kun sold 2x Chest to Diamond_0607 for $20.00 on world
[15:10:43] [ITEM_SOLD]: Diamond_0607 sold 10x Iron Ore to csawada for $19.99 on world
[15:11:03] [ITEM_CANCELLED]: CrazyFlamy cancelled an auction for 1x Ender Pearl for $150.00 on world
[15:11:29] [ITEM_CANCELLED]: CrazyFlamy cancelled an auction for 2x White Wool for $10.00 on world
[15:11:30] [ITEM_CANCELLED]: CrazyFlamy cancelled an auction for 2x Arrow for $1.00 on world
[15:11:32] [ITEM_CANCELLED]: CrazyFlamy cancelled an auction for 10x Oak Planks for $20.00 on world
[15:11:32] [ITEM_CANCELLED]: CrazyFlamy cancelled an auction for 2x Bone for $1.00 on world
[15:11:33] [ITEM_CANCELLED]: CrazyFlamy cancelled an auction for 2x Feather for $1.00 on world
[15:11:33] [ITEM_CANCELLED]: CrazyFlamy cancelled an auction for 64x Kelp for $10.00 on world
[15:11:33] [ITEM_CANCELLED]: CrazyFlamy cancelled an auction for 64x Kelp for $10.00 on world
[15:11:34] [ITEM_CANCELLED]: CrazyFlamy cancelled an auction for 64x Kelp for $10.00 on world
[15:11:34] [ITEM_CANCELLED]: CrazyFlamy cancelled an auction for 5x Sugar Cane for $10.00 on world
[15:11:34] [ITEM_CANCELLED]: CrazyFlamy cancelled an auction for 1x Chicken for $100.00 on world
[15:11:35] [ITEM_CANCELLED]: CrazyFlamy cancelled an auction for 64x Kelp for $50.00 on world
[15:11:36] [ITEM_CANCELLED]: CrazyFlamy cancelled an auction for 64x Kelp for $10.00 on world
[15:11:36] [ITEM_CANCELLED]: CrazyFlamy cancelled an auction for 64x Kelp for $10.00 on world
[15:11:37] [ITEM_CANCELLED]: CrazyFlamy cancelled an auction for 64x Kelp for $50.00 on world
[15:11:38] [ITEM_CANCELLED]: CrazyFlamy cancelled an auction for 64x Kelp for $70.00 on world
[15:11:38] [ITEM_CANCELLED]: CrazyFlamy cancelled an auction for 64x Kelp for $50.00 on world
[15:11:38] [ITEM_CANCELLED]: CrazyFlamy cancelled an auction for 1x Chicken for $10.00 on world
[15:12:18] [ITEM_LISTED]: Diamond_0607 listed 64x Redstone for $199.00 on world
[15:12:23] [ITEM_LISTED]: yokkon_kun listed 1x Stone Pickaxe for $20.00 on world
[15:12:26] [ITEM_LISTED]: yokkon_kun listed 1x Stone Pickaxe for $20.00 on world
[15:12:34] [ITEM_SOLD]: yokkon_kun sold 1x Stone Pickaxe to Diamond_0607 for $20.00 on world
[15:20:49] [ITEM_LISTED]: CrazyFlamy listed 3x Cooked Porkchop for $50.00 on world
[15:22:14] [ITEM_LISTED]: blazeland777 listed 2x Spruce Sign for $10.00 on world
[15:22:46] [ITEM_LISTED]: CrazyFlamy listed 1x Purple Bed for $70.00 on world
[15:24:30] [ITEM_LISTED]: Diamond_0607 listed 64x Kelp for $49.99 on world
[15:24:49] [ITEM_LISTED]: CrazyFlamy listed 1x Cartography Table for $70.00 on world
[15:24:56] [ITEM_LISTED]: Diamond_0607 listed 64x Kelp for $49.99 on world
[15:25:27] [ITEM_LISTED]: Diamond_0607 listed 13x Lapis Lazuli for $90.00 on world
[15:25:48] [ITEM_LISTED]: CrazyFlamy listed 1x Book for $50.00 on world
[15:26:14] [ITEM_SOLD]: CrazyFlamy sold 1x Book to yutoguma for $50.00 on world
[15:26:21] [ITEM_LISTED]: blazeland777 listed 2x Arrow for $20.00 on world
[15:27:04] [ITEM_LISTED]: blazeland777 listed 1x Spruce Boat for $30.00 on world
[15:27:29] [ITEM_SOLD]: CrazyFlamy sold 1x Purple Bed to blazeland777 for $70.00 on world
[15:27:29] [ITEM_LISTED]: Diamond_0607 listed 4x Gravel for $10.00 on world
[15:27:43] [ITEM_SOLD]: Diamond_0607 sold 52x Lapis Lazuli to yutoguma for $250.00 on world
[15:28:15] [ITEM_SOLD]: Diamond_0607 sold 4x Gravel to csawada for $10.00 on world
[15:28:21] [ITEM_LISTED]: CrazyFlamy listed 1x Book for $100.00 on world
[15:28:29] [ITEM_SOLD]: CrazyFlamy sold 1x Book to yutoguma for $100.00 on world
[15:28:58] [ITEM_LISTED]: UsaPyon2010 listed 32x Lapis Lazuli for $50.00 on world
[15:29:01] [ITEM_LISTED]: CrazyFlamy listed 1x Purple Bed for $70.00 on world
[15:29:27] [ITEM_LISTED]: CrazyFlamy listed 1x Loom for $100.00 on world
[15:30:16] [ITEM_LISTED]: UsaPyon2010 listed 32x Coal for $50.00 on world
[15:31:07] [ITEM_LISTED]: CrazyFlamy listed 1x Rabbit for $10.00 on world
[15:32:07] [ITEM_LISTED]: CrazyFlamy listed 6x Pumpkin for $150.00 on world
[15:35:05] [ITEM_LISTED]: CrazyFlamy listed 4x Book for $500.00 on world
[15:35:50] [ITEM_LISTED]: Diamond_0607 listed 12x Gold Ore for $100.00 on world
[15:36:01] [ITEM_LISTED]: Diamond_0607 listed 64x Kelp for $50.00 on world
[15:36:08] [ITEM_LISTED]: Diamond_0607 listed 64x Kelp for $50.00 on world
[15:38:20] [ITEM_LISTED]: Diamond_0607 listed 14x Iron Ore for $190.00 on world
[15:38:29] [ITEM_SOLD]: Diamond_0607 sold 14x Iron Ore to csawada for $190.00 on world
[15:38:50] [ITEM_SOLD]: UsaPyon2010 sold 32x Coal to csawada for $50.00 on world
[15:39:19] [ITEM_LISTED]: blazeland777 listed 2x Magma Block for $20.00 on world
[15:43:52] [ITEM_CANCELLED]: CrazyFlamy cancelled an auction for 4x Book for $500.00 on world
[15:44:11] [ITEM_LISTED]: CrazyFlamy listed 4x Book for $100.00 on world
[15:44:26] [ITEM_SOLD]: CrazyFlamy sold 4x Book to yutoguma for $100.00 on world
[15:44:37] [ITEM_LISTED]: blazeland777 listed 2x Gold Nugget for $1.00 on world
[15:45:32] [ITEM_LISTED]: UsaPyon2010 listed 14x Oak Planks for $1.11 on world
[15:45:36] [ITEM_SOLD]: UsaPyon2010 sold 14x Oak Planks to Diamond_0607 for $1.11 on world
[15:47:31] [ITEM_LISTED]: blazeland777 listed 3x Lapis Block for $1.00 on world
[15:47:35] [ITEM_LISTED]: blazeland777 listed 1x Lapis Lazuli for $1.00 on world
[15:48:59] [ITEM_LISTED]: blazeland777 listed 2x Spruce Door for $1.00 on world
[15:51:14] [ITEM_LISTED]: yokkon_kun listed 1x Stone Pickaxe for $20.00 on world
[15:51:22] [ITEM_SOLD]: yokkon_kun sold 1x Stone Pickaxe to Diamond_0607 for $20.00 on world
[15:52:37] [ITEM_LISTED]: yokkon_kun listed 1x Stone Pickaxe for $20.00 on world
[15:53:07] [ITEM_LISTED]: Diamond_0607 listed 5x Diamond for $150.00 on world
[15:53:11] [ITEM_SOLD]: Diamond_0607 sold 64x Kelp to yokkon_kun for $49.99 on world
[15:53:18] [ITEM_LISTED]: Diamond_0607 listed 19x Iron Ore for $59.00 on world
[15:53:26] [ITEM_LISTED]: Diamond_0607 listed 6x Gold Ore for $120.00 on world
[15:55:30] [ITEM_LISTED]: yokmama listed 64x Glowstone Dust for $100.00 on world_nether
[15:56:40] [ITEM_LISTED]: yokkon_kun listed 1x Iron Pickaxe for $40.00 on world
[15:56:45] [ITEM_SOLD]: yokkon_kun sold 1x Iron Pickaxe to Diamond_0607 for $40.00 on world
[16:00:54] [ITEM_CANCELLED]: CrazyFlamy cancelled an auction for 1x Rabbit for $10.00 on world
[16:00:55] [ITEM_CANCELLED]: CrazyFlamy cancelled an auction for 3x Cooked Porkchop for $50.00 on world
[16:02:05] [ITEM_SOLD]: Diamond_0607 sold 5x Diamond to blazeland777 for $150.00 on world
[16:03:05] [ITEM_LISTED]: Diamond_0607 listed 64x Cobblestone for $10.00 on world
[16:03:10] [ITEM_LISTED]: Diamond_0607 listed 64x Cobblestone for $100.00 on world
[16:03:15] [ITEM_LISTED]: Diamond_0607 listed 4x Iron Ore for $2.00 on world
[16:03:23] [ITEM_LISTED]: Diamond_0607 listed 58x Redstone for $150.00 on world
[16:03:53] [ITEM_LISTED]: Diamond_0607 listed 64x Redstone for $250.00 on world
[16:04:01] [ITEM_LISTED]: yokkon_kun listed 10x Iron Ingot for $20.00 on world
[16:04:08] [ITEM_LISTED]: Diamond_0607 listed 64x Redstone for $250.00 on world
[16:04:18] [ITEM_LISTED]: Diamond_0607 listed 64x Redstone for $250.00 on world
[16:04:32] [ITEM_LISTED]: Diamond_0607 listed 12x Gold Ore for $100.00 on world
[16:04:53] [ITEM_LISTED]: Diamond_0607 listed 21x Coal for $25.00 on world
[16:05:06] [ITEM_LISTED]: Diamond_0607 listed 64x Cobblestone for $100.00 on world
[16:05:12] [ITEM_LISTED]: Diamond_0607 listed 64x Cobblestone for $100.00 on world
[16:05:19] [ITEM_LISTED]: Diamond_0607 listed 64x Cobblestone for $100.00 on world
[16:05:27] [ITEM_LISTED]: Diamond_0607 listed 64x Cobblestone for $100.00 on world
[16:05:45] [ITEM_LISTED]: Diamond_0607 listed 64x Cobblestone for $100.00 on world
