[14:58:25] [ITEM_CANCELLED]: Diamond_0607 cancelled an auction for 64x Cobblestone for $64.00 on world
[14:58:26] [ITEM_CANCELLED]: Diamond_0607 cancelled an auction for 64x Cobblestone for $64.00 on world
[14:58:27] [ITEM_CANCELLED]: Diamond_0607 cancelled an auction for 64x Cobblestone for $64.00 on world
[14:58:27] [ITEM_CANCELLED]: Diamond_0607 cancelled an auction for 40x Cobblestone for $40.00 on world
[14:58:28] [ITEM_CANCELLED]: Diamond_0607 cancelled an auction for 5x Netherrack for $10.00 on world
[14:58:28] [ITEM_CANCELLED]: Diamond_0607 cancelled an auction for 64x Cobblestone for $64.00 on world
[14:58:29] [ITEM_CANCELLED]: Diamond_0607 cancelled an auction for 64x Cobblestone for $64.00 on world
[14:58:29] [ITEM_CANCELLED]: Diamond_0607 cancelled an auction for 64x Cobblestone for $64.00 on world
[14:58:39] [ITEM_RETURNED]: Returned 64x Cobblestone to Diamond_0607 on world
[14:58:41] [ITEM_RETURNED]: Returned 64x Cobblestone to Diamond_0607 on world
[14:58:42] [ITEM_RETURNED]: Returned 5x Netherrack to Diamond_0607 on world
[14:58:42] [ITEM_RETURNED]: Returned 64x Cobblestone to Diamond_0607 on world
[14:58:44] [ITEM_RETURNED]: Returned 64x Cobblestone to Diamond_0607 on world
[14:58:44] [ITEM_RETURNED]: Returned 64x Cobblestone to Diamond_0607 on world
[14:58:45] [ITEM_RETURNED]: Returned 40x Cobblestone to Diamond_0607 on world
[14:58:45] [ITEM_RETURNED]: Returned 64x Cobblestone to Diamond_0607 on world
[14:58:54] [ITEM_LISTED]: Diamond_0607 listed 64x Cobblestone for $32.00 on world
[14:59:02] [ITEM_LISTED]: Diamond_0607 listed 64x Cobblestone for $32.00 on world
[14:59:11] [ITEM_LISTED]: Diamond_0607 listed 64x Cobblestone for $32.00 on world
[14:59:16] [ITEM_LISTED]: Diamond_0607 listed 64x Cobblestone for $32.00 on world
[14:59:26] [ITEM_LISTED]: Diamond_0607 listed 64x Cobblestone for $32.00 on world
[14:59:40] [ITEM_LISTED]: Diamond_0607 listed 38x Cobblestone for $19.00 on world
[14:59:47] [ITEM_LISTED]: Diamond_0607 listed 64x Cobblestone for $32.00 on world
[15:01:16] [ITEM_CANCELLED]: Diamond_0607 cancelled an auction for 64x Cobblestone for $32.00 on world
[19:50:34] [ITEM_LISTED]: Diamond_0607 listed 64x Redstone for $128.00 on world
[19:50:58] [ITEM_LISTED]: Diamond_0607 listed 64x Cobblestone for $32.00 on world
[19:51:19] [ITEM_LISTED]: Diamond_0607 listed 32x Cobblestone for $16.00 on world
[19:51:45] [ITEM_LISTED]: Yumat_88 listed 2x Gold Ingot for $9.00 on world
[19:52:02] [ITEM_CANCELLED]: Diamond_0607 cancelled an auction for 64x Cobblestone for $32.00 on world
[19:52:03] [ITEM_CANCELLED]: Diamond_0607 cancelled an auction for 64x Cobblestone for $32.00 on world
[19:52:04] [ITEM_CANCELLED]: Diamond_0607 cancelled an auction for 64x Cobblestone for $32.00 on world
[19:52:04] [ITEM_CANCELLED]: Diamond_0607 cancelled an auction for 64x Cobblestone for $32.00 on world
[19:52:04] [ITEM_CANCELLED]: Diamond_0607 cancelled an auction for 64x Redstone for $128.00 on world
[19:52:04] [ITEM_CANCELLED]: Diamond_0607 cancelled an auction for 32x Cobblestone for $16.00 on world
[19:52:05] [ITEM_CANCELLED]: Diamond_0607 cancelled an auction for 64x Cobblestone for $32.00 on world
[19:52:06] [ITEM_CANCELLED]: Diamond_0607 cancelled an auction for 38x Cobblestone for $19.00 on world
[19:52:06] [ITEM_CANCELLED]: Diamond_0607 cancelled an auction for 64x Cobblestone for $32.00 on world
[19:55:47] [ITEM_LISTED]: Diamond_0607 listed 64x Lapis Lazuli for $128.00 on world
[19:55:54] [ITEM_LISTED]: Diamond_0607 listed 64x Cobblestone for $32.00 on world
[19:56:03] [ITEM_LISTED]: Diamond_0607 listed 64x Cobblestone for $32.00 on world
[20:53:07] [ITEM_LISTED]: Diamond_0607 listed 1x Nautilus Shell for $1,000.00 on world
[20:58:51] [ITEM_SOLD]: Yumat_88 sold 1x Stone Axe to Diamond_0607 for $10.00 on world
