[14:47:02] [ITEM_SOLD]: Yumat_88 sold 2x Gold Ingot to yokkon_kun for $9.00 on world
[15:46:39] [ITEM_LISTED]: Yumat_88 listed 1x Lead for $4.00 on world
[15:46:41] [ITEM_SOLD]: Yumat_88 sold 1x Lead to Diamond_0607 for $4.00 on world
[17:21:39] [ITEM_LISTED]: Diamond_0607 listed 1x Bread for $60.00 on world
[17:21:51] [ITEM_SOLD]: Diamond_0607 sold 1x Bread to Yumat_88 for $60.00 on world
[22:21:20] [ITEM_RETURNED]: Returned 43x Gold Ingot to Diamond_0607 on world
[22:21:21] [ITEM_RETURNED]: Returned 1x Nautilus Shell to Diamond_0607 on world
[22:21:22] [ITEM_RETURNED]: Returned 64x Lapis Lazuli to Diamond_0607 on world
[22:21:25] [ITEM_RETURNED]: Returned 64x Redstone to Diamond_0607 on world
[22:21:26] [ITEM_RETURNED]: Returned 64x Cobblestone to Diamond_0607 on world
[22:21:26] [ITEM_RETURNED]: Returned 64x Cobblestone to Diamond_0607 on world
[22:21:26] [ITEM_RETURNED]: Returned 64x Cobblestone to Diamond_0607 on world
[22:21:26] [ITEM_RETURNED]: Returned 64x Cobblestone to Diamond_0607 on world
[22:21:26] [ITEM_RETURNED]: Returned 64x Cobblestone to Diamond_0607 on world
[22:21:26] [ITEM_RETURNED]: Returned 32x Cobblestone to Diamond_0607 on world
[22:21:26] [ITEM_RETURNED]: Returned 64x Cobblestone to Diamond_0607 on world
[22:21:26] [ITEM_RETURNED]: Returned 38x Cobblestone to Diamond_0607 on world
[22:21:26] [ITEM_RETURNED]: Returned 64x Cobblestone to Diamond_0607 on world
[22:21:26] [ITEM_RETURNED]: Returned 64x Cobblestone to Diamond_0607 on world
[22:22:36] [ITEM_LISTED]: Diamond_0607 listed 1x 誰か買ってください for $1.00 on world
