[10:18:55] [ITEM_LISTED]: Yumat_88 listed 2x Emerald for $10.00 on world
[10:19:06] [ITEM_SOLD]: Yumat_88 sold 2x Emerald to Diamond_0607 for $10.00 on world
[10:25:31] [ITEM_LISTED]: Yumat_88 listed 1x Stick for $0.53 on world
[10:25:40] [ITEM_SOLD]: Yumat_88 sold 1x Stick to Diamond_0607 for $0.53 on world
[10:26:28] [ITEM_LISTED]: Diamond_0607 listed 53x Dried Kelp for $1.00 on world
[10:26:51] [ITEM_SOLD]: Diamond_0607 sold 53x Dried Kelp to TsubochanDayo for $1.00 on world
[10:27:00] [ITEM_CANCELLED]: Diamond_0607 cancelled an auction for 12x Quartz for $100.00 on world
[10:27:15] [ITEM_RETURNED]: Returned 12x Quartz to Diamond_0607 on world
[10:27:56] [ITEM_LISTED]: Diamond_0607 listed 1x Quartz for $50.43 on world
[10:28:32] [ITEM_CANCELLED]: Diamond_0607 cancelled an auction for 1x Quartz for $50.43 on world
[10:28:37] [ITEM_RETURNED]: Returned 1x Quartz to Diamond_0607 on world
[10:33:54] [ITEM_LISTED]: Diamond_0607 listed 2x Diamond for $600.00 on world
[10:34:35] [ITEM_SOLD]: Diamond_0607 sold 2x Diamond to TsubochanDayo for $600.00 on world
[10:36:01] [ITEM_LISTED]: Yumat_88 listed 9x Redstone for $0.00 on world
[10:36:07] [ITEM_SOLD]: Yumat_88 sold 9x Redstone to Diamond_0607 for $0.00 on world
[10:40:02] [ITEM_LISTED]: Yumat_88 listed 1x Bone for $0.00 on world
[10:40:08] [ITEM_SOLD]: Yumat_88 sold 1x Bone to Diamond_0607 for $0.00 on world
[10:40:50] [ITEM_LISTED]: Yumat_88 listed 1x Rotten Flesh for $0.00 on world
[10:40:59] [ITEM_SOLD]: Yumat_88 sold 1x Rotten Flesh to Diamond_0607 for $0.00 on world
[11:08:05] [ITEM_LISTED]: Yumat_88 listed 1x Iron Pickaxe for $0.00 on world
[11:08:14] [ITEM_SOLD]: Yumat_88 sold 1x Iron Pickaxe to Diamond_0607 for $0.00 on world
[11:08:42] [ITEM_LISTED]: Yumat_88 listed 1x Stone Axe for $10.00 on world
[11:09:51] [ITEM_LISTED]: Yumat_88 listed 1x White Bed for $10.00 on world
[11:09:54] [ITEM_SOLD]: Yumat_88 sold 1x White Bed to Diamond_0607 for $10.00 on world
[11:17:18] [ITEM_LISTED]: Diamond_0607 listed 64x Cobblestone for $64.00 on world
[11:17:23] [ITEM_LISTED]: Diamond_0607 listed 64x Cobblestone for $64.00 on world
[11:17:31] [ITEM_LISTED]: Diamond_0607 listed 64x Cobblestone for $64.00 on world
[11:17:36] [ITEM_LISTED]: Diamond_0607 listed 64x Cobblestone for $64.00 on world
[11:17:47] [ITEM_LISTED]: Diamond_0607 listed 64x Cobblestone for $64.00 on world
[11:17:53] [ITEM_LISTED]: Diamond_0607 listed 64x Cobblestone for $64.00 on world
[11:18:05] [ITEM_LISTED]: Diamond_0607 listed 40x Cobblestone for $40.00 on world
[11:18:14] [ITEM_LISTED]: Diamond_0607 listed 18x Coal for $36.00 on world
[11:18:27] [ITEM_LISTED]: Diamond_0607 listed 5x Netherrack for $10.00 on world
[11:20:40] [ITEM_SOLD]: Diamond_0607 sold 18x Coal to Yumat_88 for $36.00 on world
[11:28:45] [ITEM_LISTED]: Diamond_0607 listed 5x Torch for $97.00 on world
[11:29:00] [ITEM_SOLD]: Diamond_0607 sold 5x Torch to Yumat_88 for $97.00 on world
[11:29:43] [ITEM_LISTED]: Diamond_0607 listed 1x Dried Kelp for $0.10 on world
[11:29:58] [ITEM_SOLD]: Diamond_0607 sold 1x Dried Kelp to Yumat_88 for $0.10 on world
[17:15:27] [ITEM_CANCELLED]: TsubochanDayo cancelled an auction for 1x Ender Pearl for $5,000.00 on world
[17:15:31] [ITEM_RETURNED]: Returned 1x Ender Pearl to TsubochanDayo on world
