[16:47:51] [ITEM_LISTED]: Len_Len100 listed 5x Rotten Flesh for $1.00 on world
[16:48:06] [ITEM_LISTED]: Len_Len100 listed 2x Pumpkin Seeds for $5.00 on world
[16:51:06] [ITEM_SOLD]: Yumat_88 sold 52x Cobblestone to Len_Len100 for $1.00 on world
[17:21:26] [ITEM_LISTED]: Diamond_0607 listed 2x Diamond for $2,000.00 on world
[17:22:03] [ITEM_CANCELLED]: Diamond_0607 cancelled an auction for 2x Diamond for $2,000.00 on world
[17:22:04] [ITEM_RETURNED]: Returned 2x Diamond to Diamond_0607 on world
[17:22:05] [ITEM_CANCELLED]: Diamond_0607 cancelled an auction for 64x Oak Log for $250.00 on world
[17:22:18] [ITEM_LISTED]: Diamond_0607 listed 2x Diamond for $1,200.00 on world
[17:24:27] [ITEM_SOLD]: Diamond_0607 sold 19x Oak Log to Len_Len100 for $39.00 on world
[17:50:15] [ITEM_LISTED]: Diamond_0607 listed 45x Stone for $10.00 on world
[17:51:03] [ITEM_SOLD]: Diamond_0607 sold 45x Stone to utti_dayo for $10.00 on world
[17:52:37] [ITEM_LISTED]: Diamond_0607 listed 16x Iron Block for $1,500.00 on world
[17:55:35] [ITEM_SOLD]: Diamond_0607 sold 16x Iron Block to Yumat_88 for $1,500.00 on world
[17:56:33] [ITEM_LISTED]: Diamond_0607 listed 1x Tripwire Hook for $10.00 on world
[17:56:40] [ITEM_SOLD]: Diamond_0607 sold 1x Tripwire Hook to Yumat_88 for $10.00 on world
[17:58:23] [ITEM_LISTED]: Diamond_0607 listed 1x Golden Apple for $100.00 on world
[17:58:38] [ITEM_LISTED]: utti_dayo listed 1x Enchanted Book for $250.00 on world
[17:58:48] [ITEM_LISTED]: Diamond_0607 listed 11x Gold Block for $1,300.00 on world
[20:09:27] [ITEM_SOLD]: Diamond_0607 sold 9x Oak Sapling to Len_Len100 for $9.00 on world
[20:10:12] [ITEM_SOLD]: Yumat_88 sold 6x Bone Meal to Len_Len100 for $10.00 on world
[20:47:07] [ITEM_LISTED]: Len_Len100 listed 21x Dropper for $50.00 on world
[20:49:55] [ITEM_LISTED]: Len_Len100 listed 1x Bone for $1.00 on world
[20:49:58] [ITEM_LISTED]: Len_Len100 listed 8x Arrow for $4.00 on world
[21:01:30] [ITEM_LISTED]: Len_Len100 listed 6x Rotten Flesh for $1.00 on world
[21:01:36] [ITEM_LISTED]: Len_Len100 listed 4x Arrow for $5.00 on world
[21:01:43] [ITEM_LISTED]: Len_Len100 listed 3x Bone for $5.00 on world
[21:05:35] [ITEM_LISTED]: Len_Len100 listed 1x Buried Treasure Map for $20.00 on world
[21:15:48] [ITEM_LISTED]: Len_Len100 listed 18x Paper for $5.00 on world
[21:16:32] [ITEM_CANCELLED]: Len_Len100 cancelled an auction for 3x Bone for $5.00 on world
[21:16:36] [ITEM_CANCELLED]: Len_Len100 cancelled an auction for 1x Bone for $1.00 on world
[21:16:57] [ITEM_RETURNED]: Returned 3x Bone to Len_Len100 on world
[21:16:57] [ITEM_RETURNED]: Returned 1x Bone to Len_Len100 on world
[22:08:53] [ITEM_SOLD]: utti_dayo sold 1x Enchanted Book to Diamond_0607 for $250.00 on world
[22:09:41] [ITEM_LISTED]: Diamond_0607 listed 1x Enchanted Book for $1,000.00 on world
[22:10:57] [ITEM_SOLD]: Diamond_0607 sold 1x Enchanted Book to Yumat_88 for $1,000.00 on world
